<?xml version="1.0" encoding="UTF-8"?>
<!-- Generated by org.testng.reporters.JUnitXMLReporter -->
<testsuite ignored="1" hostname="g3771j3-khuang" failures="0" tests="1" name="Default test" time="19.924" errors="0" timestamp="2022-08-01T16:39:16 CST">
  <testcase classname="test.Test_NavData_JPN" name="test_Step01_Login_JPN" time="10.853"/>
  <testcase classname="test.Test_NavData_JPN" name="test_Step02_MenuTop_JPN" time="0.0">
    <ignored/>
  </testcase> <!-- test_Step02_MenuTop_JPN -->
</testsuite> <!-- Default test -->
