<?xml version="1.0" encoding="UTF-8"?>
<!-- Generated by org.testng.reporters.JUnitXMLReporter -->
<testsuite ignored="0" hostname="g3771j3-khuang" failures="1" tests="2" name="Menu Test JPN" time="27.484" errors="0" timestamp="2022-08-24T17:51:09 CST">
  <testcase classname="test.Test_NavData_JPN" name="test_Step01_Login_JPN" time="15.402"/>
  <testcase classname="test.Test_NavData_JPN" name="test_Step02_MenuTop_JPN" time="6.661">
    <failure type="java.lang.NullPointerException">
      <![CDATA[java.lang.NullPointerException
at main.Func_JPN.expand_menu(Func_JPN.java:227)
at test.Test_NavData_JPN.actual_data(Test_NavData_JPN.java:82)
at test.Test_NavData_JPN.test_Step02_MenuTop_JPN(Test_NavData_JPN.java:120)
at java.base/java.util.ArrayList.forEach(ArrayList.java:1541)
... Removed 27 stack frames]]>
    </failure>
  </testcase> <!-- test_Step02_MenuTop_JPN -->
</testsuite> <!-- Menu Test JPN -->
