<?xml version="1.0" encoding="UTF-8"?>
<!-- Generated by org.testng.reporters.JUnitXMLReporter -->
<testsuite ignored="0" hostname="g3771j3-khuang" failures="0" tests="4" name="Menu Test ENG/JPN/ZHT" time="58.045" errors="0" timestamp="2022-09-23T16:26:52 CST">
  <testcase classname="test.Test_NavData_ZHT" name="test_Step01_Login_ZHT" time="15.454"/>
  <testcase classname="test.Test_NavData_ENG" name="test_Step01_Login_ENG" time="15.486"/>
  <testcase classname="test.Test_NavData_ZHT" name="test_Step02_MenuTop_ZHT" time="16.723"/>
  <testcase classname="test.Test_NavData_ENG" name="test_Step02_MenuTop_ENG" time="37.26"/>
</testsuite> <!-- Menu Test ENG/JPN/ZHT -->
