<?xml version="1.0" encoding="UTF-8"?>
<!-- Generated by org.testng.reporters.JUnitXMLReporter -->
<testsuite ignored="0" hostname="g3771j3-khuang" failures="0" tests="4" name="Menu Test JPN/ZHT/ENG" time="62.208" errors="0" timestamp="2022-09-21T16:47:10 CST">
  <testcase classname="test.Test_NavData_ENG" name="test_Step01_Login_ENG" time="15.641"/>
  <testcase classname="test.Test_NavData_JPN" name="test_Step01_Login_JPN" time="15.898"/>
  <testcase classname="test.Test_NavData_JPN" name="test_Step02_MenuTop_JPN" time="28.171"/>
  <testcase classname="test.Test_NavData_ENG" name="test_Step02_MenuTop_ENG" time="40.4"/>
</testsuite> <!-- Menu Test JPN/ZHT/ENG -->
