<?xml version="1.0" encoding="UTF-8"?>
<!-- Generated by org.testng.reporters.JUnitXMLReporter -->
<testsuite ignored="0" hostname="g3771j3-khuang" failures="0" tests="4" name="Menu Test JPN/ENG" time="71.146" errors="0" timestamp="2022-09-06T17:35:49 CST">
  <testcase classname="test.Test_NavData_ENG" name="test_Step01_Login_ENG" time="15.5"/>
  <testcase classname="test.Test_NavData_JPN" name="test_Step01_Login_JPN" time="15.5"/>
  <testcase classname="test.Test_NavData_JPN" name="test_Step02_MenuTop_JPN" time="19.862"/>
  <testcase classname="test.Test_NavData_ENG" name="test_Step02_MenuTop_ENG" time="47.967"/>
</testsuite> <!-- Menu Test JPN/ENG -->
