<?xml version="1.0" encoding="UTF-8"?>
<!-- Generated by org.testng.reporters.JUnitXMLReporter -->
<testsuite ignored="0" hostname="g3771j3-khuang" failures="0" tests="4" name="Menu Test JPN/ZHT/ENG" time="74.426" errors="0" timestamp="2022-09-20T17:10:57 CST">
  <testcase classname="test.Test_NavData_ENG" name="test_Step01_Login_ENG" time="15.404"/>
  <testcase classname="test.Test_NavData_JPN" name="test_Step01_Login_JPN" time="15.435"/>
  <testcase classname="test.Test_NavData_JPN" name="test_Step02_MenuTop_JPN" time="40.42"/>
  <testcase classname="test.Test_NavData_ENG" name="test_Step02_MenuTop_ENG" time="52.285"/>
</testsuite> <!-- Menu Test JPN/ZHT/ENG -->
