<?xml version="1.0" encoding="UTF-8"?>
<!-- Generated by org.testng.reporters.JUnitXMLReporter -->
<testsuite ignored="0" hostname="g3771j3-khuang" failures="0" tests="4" name="Menu Test ENG/JPN/ZHT" time="66.029" errors="0" timestamp="2022-10-25T17:12:47 CST">
  <testcase classname="test.Test_NavData_ZHT" name="test_Step01_Login_ZHT" time="15.461"/>
  <testcase classname="test.Test_NavData_ENG" name="test_Step01_Login_ENG" time="15.946"/>
  <testcase classname="test.Test_NavData_ZHT" name="test_Step02_MenuTop_ZHT" time="41.826"/>
  <testcase classname="test.Test_NavData_ENG" name="test_Step02_MenuTop_ENG" time="41.643"/>
</testsuite> <!-- Menu Test ENG/JPN/ZHT -->
