<?xml version="1.0" encoding="UTF-8"?>
<testng-results ignored="0" total="5" passed="5" failed="0" skipped="0">
  <reporter-output>
    <line>
      <![CDATA[[S]ReportLog >> test.Test_NavData_ZHT > Before Navigate To...https://10.8.56.226[ZHT]]]>
    </line>
    <line>
      <![CDATA[[S]ReportLog >> test.Test_NavData_ENG > Before Navigate To...https://10.8.162.173[ENG]]]>
    </line>
    <line>
      <![CDATA[[S]ReportLog >> test.Test_NavData_ENG > Login to main page...]]>
    </line>
    <line>
      <![CDATA[[S]ReportLog >> test.Test_NavData_ZHT > Login to main page...]]>
    </line>
    <line>
      <![CDATA[[S]ReportLog >> test_Step01_Login_ZHT > [Pass]Take screenshot...]]>
    </line>
    <line>
      <![CDATA[[S]ReportLog >> test_Step01_Login_ENG > [Pass]Take screenshot...]]>
    </line>
    <line>
      <![CDATA[[S]ReportLog >> test.Test_NavData_ZHT > Switch to 'Non-Config' mode...]]>
    </line>
    <line>
      <![CDATA[[S]ReportLog >> test.Test_NavData_ENG > Switch to 'Non-Config' mode...]]>
    </line>
    <line>
      <![CDATA[[S]ReportLog >> test.Test_NavData_ZHT > Data created for [ZHT]!]]>
    </line>
    <line>
      <![CDATA[[S]ReportLog >> test.Test_NavData_ENG > Data created for [ENG]!]]>
    </line>
    <line>
      <![CDATA[[S]ReportLog >> test.Test_NavData_ENG > 'HOME' Menu: Dashboard]]>
    </line>
    <line>
      <![CDATA[[S]ReportLog >> test.Test_NavData_ENG > 'HOME' Menu: System]]>
    </line>
    <line>
      <![CDATA[[S]ReportLog >> test.Test_NavData_ENG > 'HOME' Menu: Access Points]]>
    </line>
    <line>
      <![CDATA[[S]ReportLog >> test.Test_NavData_ENG > 'HOME' Menu: Capture ATP]]>
    </line>
    <line>
      <![CDATA[[S]ReportLog >> test.Test_NavData_ENG > 'HOME' Menu: Topology]]>
    </line>
    <line>
      <![CDATA[[S]ReportLog >> test.Test_NavData_ENG > 'HOME' Menu: Legal Information]]>
    </line>
    <line>
      <![CDATA[[S]ReportLog >> test.Test_NavData_ENG > 'HOME' Menu: API]]>
    </line>
    <line>
      <![CDATA[[S]ReportLog >> test.Test_NavData_ENG > ========================================================================]]>
    </line>
    <line>
      <![CDATA[[S]ReportLog >> test.Test_NavData_ENG > 'HOME' Menu: No duplicated data to the TOP]]>
    </line>
    <line>
      <![CDATA[[S]ReportLog >> test.Test_NavData_ENG > ========================================================================]]>
    </line>
    <line>
      <![CDATA[[S]ReportLog >> test.Test_NavData_ENG > ALL MENU: 7]]>
    </line>
    <line>
      <![CDATA[[S]ReportLog >> test.Test_NavData_ENG > Data updated for [ENG]!]]>
    </line>
    <line>
      <![CDATA[[S]ReportLog >> test.Test_NavData_ENG > Top menu 'HOME' is done!]]>
    </line>
    <line>
      <![CDATA[[S]ReportLog >> test.Test_NavData_ZHT > 'HOME' Menu: 儀表板 >> Dashboard]]>
    </line>
    <line>
      <![CDATA[[S]ReportLog >> test.Test_NavData_ZHT > 'HOME' Menu: 系統 >> System]]>
    </line>
    <line>
      <![CDATA[[S]ReportLog >> test.Test_NavData_ZHT > 'HOME' Menu: 存取點 >> Access Points]]>
    </line>
    <line>
      <![CDATA[[S]ReportLog >> test.Test_NavData_ZHT > 'HOME' Menu: 擷取 ATP >> Capture ATP]]>
    </line>
    <line>
      <![CDATA[[S]ReportLog >> test.Test_NavData_ZHT > 'HOME' Menu: 拓撲 >> Topology]]>
    </line>
    <line>
      <![CDATA[[S]ReportLog >> test.Test_NavData_ZHT > 'HOME' Menu: 法律資訊 >> Legal Information]]>
    </line>
    <line>
      <![CDATA[[S]ReportLog >> test.Test_NavData_ZHT > 'HOME' Menu: API >> API]]>
    </line>
    <line>
      <![CDATA[[S]ReportLog >> test.Test_NavData_ZHT > ========================================================================]]>
    </line>
    <line>
      <![CDATA[[S]ReportLog >> test.Test_NavData_ZHT > 'HOME' Menu: No duplicated data to the TOP]]>
    </line>
    <line>
      <![CDATA[[S]ReportLog >> test.Test_NavData_ZHT > ========================================================================]]>
    </line>
    <line>
      <![CDATA[[S]ReportLog >> test.Test_NavData_ZHT > ALL MENU: 7]]>
    </line>
    <line>
      <![CDATA[[S]ReportLog >> test.Test_NavData_ZHT > Data updated for [ZHT]!]]>
    </line>
    <line>
      <![CDATA[[S]ReportLog >> test.Test_NavData_ZHT > Top menu 'HOME' is done!]]>
    </line>
    <line>
      <![CDATA[[S]ReportLog >> test.Test_NavData_ENG > 'MONITOR' Menu: Real-Time Charts]]>
    </line>
    <line>
      <![CDATA[[S]ReportLog >> test.Test_NavData_ENG > 'MONITOR' Menu: System Monitor]]>
    </line>
    <line>
      <![CDATA[[S]ReportLog >> test.Test_NavData_ENG > 'MONITOR' Menu: Protocol Monitor]]>
    </line>
    <line>
      <![CDATA[[S]ReportLog >> test.Test_NavData_ENG > 'MONITOR' Menu: User Monitor]]>
    </line>
    <line>
      <![CDATA[[S]ReportLog >> test.Test_NavData_ENG > 'MONITOR' Menu: BWM Monitor]]>
    </line>
    <line>
      <![CDATA[[S]ReportLog >> test.Test_NavData_ENG > 'MONITOR' Menu: AppFlow]]>
    </line>
    <line>
      <![CDATA[[S]ReportLog >> test.Test_NavData_ENG > 'MONITOR' Menu: AppFlow Report]]>
    </line>
    <line>
      <![CDATA[[S]ReportLog >> test.Test_NavData_ENG > 'MONITOR' Menu: AppFlow Monitor]]>
    </line>
    <line>
      <![CDATA[[S]ReportLog >> test.Test_NavData_ENG > 'MONITOR' Menu: CTA Report]]>
    </line>
    <line>
      <![CDATA[[S]ReportLog >> test.Test_NavData_ENG > 'MONITOR' Menu: SDWAN]]>
    </line>
    <line>
      <![CDATA[[S]ReportLog >> test.Test_NavData_ENG > 'MONITOR' Menu: SDWAN Monitor]]>
    </line>
    <line>
      <![CDATA[[S]ReportLog >> test.Test_NavData_ENG > 'MONITOR' Menu: SD-WAN Connections]]>
    </line>
    <line>
      <![CDATA[[S]ReportLog >> test.Test_NavData_ENG > 'MONITOR' Menu: Logs]]>
    </line>
    <line>
      <![CDATA[[S]ReportLog >> test.Test_NavData_ENG > 'MONITOR' Menu: System Logs]]>
    </line>
    <line>
      <![CDATA[[S]ReportLog >> test.Test_NavData_ENG > 'MONITOR' Menu: Auditing Logs]]>
    </line>
    <line>
      <![CDATA[[S]ReportLog >> test.Test_NavData_ENG > 'MONITOR' Menu: Tools & Monitors]]>
    </line>
    <line>
      <![CDATA[[S]ReportLog >> test.Test_NavData_ENG > 'MONITOR' Menu: Packet Monitor]]>
    </line>
    <line>
      <![CDATA[[S]ReportLog >> test.Test_NavData_ENG > 'MONITOR' Menu: Connections]]>
    </line>
    <line>
      <![CDATA[[S]ReportLog >> test.Test_NavData_ENG > 'MONITOR' Menu: Core 0 Processes]]>
    </line>
    <line>
      <![CDATA[[S]ReportLog >> test.Test_NavData_ENG > 'MONITOR' Menu: Packet Replay]]>
    </line>
    <line>
      <![CDATA[[S]ReportLog >> test.Test_NavData_ENG > ========================================================================]]>
    </line>
    <line>
      <![CDATA[[S]ReportLog >> test.Test_NavData_ENG > 'MONITOR' Menu: No duplicated data to the TOP]]>
    </line>
    <line>
      <![CDATA[[S]ReportLog >> test.Test_NavData_ENG > ========================================================================]]>
    </line>
    <line>
      <![CDATA[[S]ReportLog >> test.Test_NavData_ENG > ALL MENU: 20]]>
    </line>
    <line>
      <![CDATA[[S]ReportLog >> test.Test_NavData_ENG > Data updated for [ENG]!]]>
    </line>
    <line>
      <![CDATA[[S]ReportLog >> test.Test_NavData_ENG > Top menu 'MONITOR' is done!]]>
    </line>
    <line>
      <![CDATA[[S]ReportLog >> test.Test_NavData_ZHT > 'MONITOR' Menu: 即時圖表 >> Real-Time Charts]]>
    </line>
    <line>
      <![CDATA[[S]ReportLog >> test.Test_NavData_ZHT > 'MONITOR' Menu: 系統監視器 >> System Monitor]]>
    </line>
    <line>
      <![CDATA[[S]ReportLog >> test.Test_NavData_ZHT > 'MONITOR' Menu: 通訊協定監視 >> Protocol Monitor]]>
    </line>
    <line>
      <![CDATA[[S]ReportLog >> test.Test_NavData_ZHT > 'MONITOR' Menu: 使用者監視器 >> User Monitor]]>
    </line>
    <line>
      <![CDATA[[S]ReportLog >> test.Test_NavData_ZHT > 'MONITOR' Menu: BWM 監視器 >> BWM Monitor]]>
    </line>
    <line>
      <![CDATA[[S]ReportLog >> test.Test_NavData_ZHT > 'MONITOR' Menu: AppFlow >> AppFlow]]>
    </line>
    <line>
      <![CDATA[[S]ReportLog >> test.Test_NavData_ZHT > 'MONITOR' Menu: AppFlow 報告 >> AppFlow Report]]>
    </line>
    <line>
      <![CDATA[[S]ReportLog >> test.Test_NavData_ZHT > 'MONITOR' Menu: AppFlow 監視器 >> AppFlow Monitor]]>
    </line>
    <line>
      <![CDATA[[S]ReportLog >> test.Test_NavData_ZHT > 'MONITOR' Menu: CTA 報告 >> CTA Report]]>
    </line>
    <line>
      <![CDATA[[S]ReportLog >> test.Test_NavData_ZHT > 'MONITOR' Menu: SDWAN >> SDWAN]]>
    </line>
    <line>
      <![CDATA[[S]ReportLog >> test.Test_NavData_ZHT > 'MONITOR' Menu: SDWAN 監視器 >> SDWAN Monitor]]>
    </line>
    <line>
      <![CDATA[[S]ReportLog >> test.Test_NavData_ZHT > 'MONITOR' Menu: SD-WAN 連線 >> SD-WAN Connections]]>
    </line>
    <line>
      <![CDATA[[S]ReportLog >> test.Test_NavData_ZHT > 'MONITOR' Menu: 記錄 >> Logs]]>
    </line>
    <line>
      <![CDATA[[S]ReportLog >> test.Test_NavData_ZHT > 'MONITOR' Menu: 系統記錄 >> System Logs]]>
    </line>
    <line>
      <![CDATA[[S]ReportLog >> test.Test_NavData_ZHT > 'MONITOR' Menu: 稽核記錄 >> Auditing Logs]]>
    </line>
    <line>
      <![CDATA[[S]ReportLog >> test.Test_NavData_ZHT > 'MONITOR' Menu: 工具與監視器 >> Tools & Monitors]]>
    </line>
    <line>
      <![CDATA[[S]ReportLog >> test.Test_NavData_ZHT > 'MONITOR' Menu: 封包監視 >> Packet Monitor]]>
    </line>
    <line>
      <![CDATA[[S]ReportLog >> test.Test_NavData_ZHT > 'MONITOR' Menu: 連線 >> Connections]]>
    </line>
    <line>
      <![CDATA[[S]ReportLog >> test.Test_NavData_ZHT > 'MONITOR' Menu: 核心 0 處理序 >> Core 0 Processes]]>
    </line>
    <line>
      <![CDATA[[S]ReportLog >> test.Test_NavData_ZHT > 'MONITOR' Menu: 封包重放 >> Packet Replay]]>
    </line>
    <line>
      <![CDATA[[S]ReportLog >> test.Test_NavData_ZHT > ========================================================================]]>
    </line>
    <line>
      <![CDATA[[S]ReportLog >> test.Test_NavData_ZHT > 'MONITOR' Menu: No duplicated data to the TOP]]>
    </line>
    <line>
      <![CDATA[[S]ReportLog >> test.Test_NavData_ZHT > ========================================================================]]>
    </line>
    <line>
      <![CDATA[[S]ReportLog >> test.Test_NavData_ZHT > ALL MENU: 20]]>
    </line>
    <line>
      <![CDATA[[S]ReportLog >> test.Test_NavData_ZHT > Data updated for [ZHT]!]]>
    </line>
    <line>
      <![CDATA[[S]ReportLog >> test.Test_NavData_ZHT > Top menu 'MONITOR' is done!]]>
    </line>
    <line>
      <![CDATA[[S]ReportLog >> test.Test_NavData_ENG > 'DEVICE' Menu: Settings]]>
    </line>
    <line>
      <![CDATA[[S]ReportLog >> test.Test_NavData_ENG > 'DEVICE' Menu: Licenses]]>
    </line>
    <line>
      <![CDATA[[S]ReportLog >> test.Test_NavData_ENG > 'DEVICE' Menu: Administration]]>
    </line>
    <line>
      <![CDATA[[S]ReportLog >> test.Test_NavData_ENG > 'DEVICE' Menu: Time]]>
    </line>
    <line>
      <![CDATA[[S]ReportLog >> test.Test_NavData_ENG > 'DEVICE' Menu: Certificates]]>
    </line>
    <line>
      <![CDATA[[S]ReportLog >> test.Test_NavData_ENG > 'DEVICE' Menu: SNMP]]>
    </line>
    <line>
      <![CDATA[[S]ReportLog >> test.Test_NavData_ENG > 'DEVICE' Menu: Firmware and Settings]]>
    </line>
    <line>
      <![CDATA[[S]ReportLog >> test.Test_NavData_ENG > 'DEVICE' Menu: Storage]]>
    </line>
    <line>
      <![CDATA[[S]ReportLog >> test.Test_NavData_ENG > 'DEVICE' Menu: Restart]]>
    </line>
    <line>
      <![CDATA[[S]ReportLog >> test.Test_NavData_ENG > 'DEVICE' Menu: High Availability]]>
    </line>
    <line>
      <![CDATA[[S]ReportLog >> test.Test_NavData_ENG > 'DEVICE' Menu: Status]]>
    </line>
    <line>
      <![CDATA[[S]ReportLog >> test.Test_NavData_ENG > 'DEVICE' Menu: Settings]]>
    </line>
    <line>
      <![CDATA[[S]ReportLog >> test.Test_NavData_ENG > 'DEVICE' Menu: Advanced]]>
    </line>
    <line>
      <![CDATA[[S]ReportLog >> test.Test_NavData_ENG > 'DEVICE' Menu: Monitoring]]>
    </line>
    <line>
      <![CDATA[[S]ReportLog >> test.Test_NavData_ENG > 'DEVICE' Menu: Users]]>
    </line>
    <line>
      <![CDATA[[S]ReportLog >> test.Test_NavData_ENG > 'DEVICE' Menu: Status]]>
    </line>
    <line>
      <![CDATA[[S]ReportLog >> test.Test_NavData_ENG > 'DEVICE' Menu: Settings]]>
    </line>
    <line>
      <![CDATA[[S]ReportLog >> test.Test_NavData_ENG > 'DEVICE' Menu: Partitions]]>
    </line>
    <line>
      <![CDATA[[S]ReportLog >> test.Test_NavData_ENG > 'DEVICE' Menu: Local Users & Groups]]>
    </line>
    <line>
      <![CDATA[[S]ReportLog >> test.Test_NavData_ENG > 'DEVICE' Menu: Guest Services]]>
    </line>
    <line>
      <![CDATA[[S]ReportLog >> test.Test_NavData_ENG > 'DEVICE' Menu: Guest Accounts]]>
    </line>
    <line>
      <![CDATA[[S]ReportLog >> test.Test_NavData_ENG > 'DEVICE' Menu: Guest Status]]>
    </line>
    <line>
      <![CDATA[[S]ReportLog >> test.Test_NavData_ENG > 'DEVICE' Menu: AppFlow]]>
    </line>
    <line>
      <![CDATA[[S]ReportLog >> test.Test_NavData_ENG > 'DEVICE' Menu: Flow Reporting]]>
    </line>
    <line>
      <![CDATA[[S]ReportLog >> test.Test_NavData_ZHT > 'DEVICE' Menu: 設定 >> Settings]]>
    </line>
    <line>
      <![CDATA[[S]ReportLog >> test.Test_NavData_ENG > 'DEVICE' Menu: AppFlow Agent]]>
    </line>
    <line>
      <![CDATA[[S]ReportLog >> test.Test_NavData_ZHT > 'DEVICE' Menu: 授權 >> Licenses]]>
    </line>
    <line>
      <![CDATA[[S]ReportLog >> test.Test_NavData_ZHT > 'DEVICE' Menu: 管理 >> Administration]]>
    </line>
    <line>
      <![CDATA[[S]ReportLog >> test.Test_NavData_ENG > 'DEVICE' Menu: Log]]>
    </line>
    <line>
      <![CDATA[[S]ReportLog >> test.Test_NavData_ZHT > 'DEVICE' Menu: 時間 >> Time]]>
    </line>
    <line>
      <![CDATA[[S]ReportLog >> test.Test_NavData_ENG > 'DEVICE' Menu: Settings]]>
    </line>
    <line>
      <![CDATA[[S]ReportLog >> test.Test_NavData_ZHT > 'DEVICE' Menu: 憑證 >> Certificates]]>
    </line>
    <line>
      <![CDATA[[S]ReportLog >> test.Test_NavData_ENG > 'DEVICE' Menu: Syslog]]>
    </line>
    <line>
      <![CDATA[[S]ReportLog >> test.Test_NavData_ZHT > 'DEVICE' Menu: SNMP >> SNMP]]>
    </line>
    <line>
      <![CDATA[[S]ReportLog >> test.Test_NavData_ZHT > 'DEVICE' Menu: 韌體與設定 >> Firmware and Settings]]>
    </line>
    <line>
      <![CDATA[[S]ReportLog >> test.Test_NavData_ENG > 'DEVICE' Menu: Automation]]>
    </line>
    <line>
      <![CDATA[[S]ReportLog >> test.Test_NavData_ZHT > 'DEVICE' Menu: 儲存空間 >> Storage]]>
    </line>
    <line>
      <![CDATA[[S]ReportLog >> test.Test_NavData_ENG > 'DEVICE' Menu: Name Resolution]]>
    </line>
    <line>
      <![CDATA[[S]ReportLog >> test.Test_NavData_ZHT > 'DEVICE' Menu: 重新啟動 >> Restart]]>
    </line>
    <line>
      <![CDATA[[S]ReportLog >> test.Test_NavData_ZHT > 'DEVICE' Menu: 高可用性 >> High Availability]]>
    </line>
    <line>
      <![CDATA[[S]ReportLog >> test.Test_NavData_ENG > 'DEVICE' Menu: Reports]]>
    </line>
    <line>
      <![CDATA[[S]ReportLog >> test.Test_NavData_ZHT > 'DEVICE' Menu: 狀態 >> Status]]>
    </line>
    <line>
      <![CDATA[[S]ReportLog >> test.Test_NavData_ENG > 'DEVICE' Menu: AWS]]>
    </line>
    <line>
      <![CDATA[[S]ReportLog >> test.Test_NavData_ZHT > 'DEVICE' Menu: 設定 >> Settings]]>
    </line>
    <line>
      <![CDATA[[S]ReportLog >> test.Test_NavData_ZHT > 'DEVICE' Menu: 進階 >> Advanced]]>
    </line>
    <line>
      <![CDATA[[S]ReportLog >> test.Test_NavData_ENG > 'DEVICE' Menu: Diagnostics]]>
    </line>
    <line>
      <![CDATA[[S]ReportLog >> test.Test_NavData_ZHT > 'DEVICE' Menu: 監視 >> Monitoring]]>
    </line>
    <line>
      <![CDATA[[S]ReportLog >> test.Test_NavData_ENG > 'DEVICE' Menu: Tech Support Report]]>
    </line>
    <line>
      <![CDATA[[S]ReportLog >> test.Test_NavData_ZHT > 'DEVICE' Menu: 使用者 >> Users]]>
    </line>
    <line>
      <![CDATA[[S]ReportLog >> test.Test_NavData_ZHT > 'DEVICE' Menu: 狀態 >> Status]]>
    </line>
    <line>
      <![CDATA[[S]ReportLog >> test.Test_NavData_ENG > 'DEVICE' Menu: Check Network Settings]]>
    </line>
    <line>
      <![CDATA[[S]ReportLog >> test.Test_NavData_ZHT > 'DEVICE' Menu: 設定 >> Settings]]>
    </line>
    <line>
      <![CDATA[[S]ReportLog >> test.Test_NavData_ENG > 'DEVICE' Menu: DNS Name Lookup]]>
    </line>
    <line>
      <![CDATA[[S]ReportLog >> test.Test_NavData_ZHT > 'DEVICE' Menu: 分割區 >> Partitions]]>
    </line>
    <line>
      <![CDATA[[S]ReportLog >> test.Test_NavData_ZHT > 'DEVICE' Menu: 本機使用者與群組 >> Local Users & Groups]]>
    </line>
    <line>
      <![CDATA[[S]ReportLog >> test.Test_NavData_ENG > 'DEVICE' Menu: Network Path]]>
    </line>
    <line>
      <![CDATA[[S]ReportLog >> test.Test_NavData_ZHT > 'DEVICE' Menu: 來賓服務 >> Guest Services]]>
    </line>
    <line>
      <![CDATA[[S]ReportLog >> test.Test_NavData_ENG > 'DEVICE' Menu: Ping]]>
    </line>
    <line>
      <![CDATA[[S]ReportLog >> test.Test_NavData_ZHT > 'DEVICE' Menu: 來賓帳戶 >> Guest Accounts]]>
    </line>
    <line>
      <![CDATA[[S]ReportLog >> test.Test_NavData_ZHT > 'DEVICE' Menu: 來賓狀態 >> Guest Status]]>
    </line>
    <line>
      <![CDATA[[S]ReportLog >> test.Test_NavData_ENG > 'DEVICE' Menu: Trace Route]]>
    </line>
    <line>
      <![CDATA[[S]ReportLog >> test.Test_NavData_ZHT > 'DEVICE' Menu: AppFlow >> AppFlow]]>
    </line>
    <line>
      <![CDATA[[S]ReportLog >> test.Test_NavData_ZHT > 'DEVICE' Menu: 流量報告 >> Flow Reporting]]>
    </line>
    <line>
      <![CDATA[[S]ReportLog >> test.Test_NavData_ENG > 'DEVICE' Menu: Real-Time Blacklist]]>
    </line>
    <line>
      <![CDATA[[S]ReportLog >> test.Test_NavData_ZHT > 'DEVICE' Menu: AppFlow Agent >> AppFlow Agent]]>
    </line>
    <line>
      <![CDATA[[S]ReportLog >> test.Test_NavData_ZHT > 'DEVICE' Menu: 記錄 >> Log]]>
    </line>
    <line>
      <![CDATA[[S]ReportLog >> test.Test_NavData_ENG > 'DEVICE' Menu: Reverse Name Lookup]]>
    </line>
    <line>
      <![CDATA[[S]ReportLog >> test.Test_NavData_ZHT > 'DEVICE' Menu: 設定 >> Settings]]>
    </line>
    <line>
      <![CDATA[[S]ReportLog >> test.Test_NavData_ENG > 'DEVICE' Menu: Connection TopX]]>
    </line>
    <line>
      <![CDATA[[S]ReportLog >> test.Test_NavData_ZHT > 'DEVICE' Menu: Syslog >> Syslog]]>
    </line>
    <line>
      <![CDATA[[S]ReportLog >> test.Test_NavData_ZHT > 'DEVICE' Menu: 自動化 >> Automation]]>
    </line>
    <line>
      <![CDATA[[S]ReportLog >> test.Test_NavData_ENG > 'DEVICE' Menu: Geo and Botnet]]>
    </line>
    <line>
      <![CDATA[[S]ReportLog >> test.Test_NavData_ZHT > 'DEVICE' Menu: 名稱解析 >> Name Resolution]]>
    </line>
    <line>
      <![CDATA[[S]ReportLog >> test.Test_NavData_ENG > 'DEVICE' Menu: MX and Banner]]>
    </line>
    <line>
      <![CDATA[[S]ReportLog >> test.Test_NavData_ZHT > 'DEVICE' Menu: 報告 >> Reports]]>
    </line>
    <line>
      <![CDATA[[S]ReportLog >> test.Test_NavData_ZHT > 'DEVICE' Menu: AWS >> AWS]]>
    </line>
    <line>
      <![CDATA[[S]ReportLog >> test.Test_NavData_ENG > 'DEVICE' Menu: GRID Check]]>
    </line>
    <line>
      <![CDATA[[S]ReportLog >> test.Test_NavData_ZHT > 'DEVICE' Menu: 診斷 >> Diagnostics]]>
    </line>
    <line>
      <![CDATA[[S]ReportLog >> test.Test_NavData_ENG > 'DEVICE' Menu: URL Rating Request]]>
    </line>
    <line>
      <![CDATA[[S]ReportLog >> test.Test_NavData_ZHT > 'DEVICE' Menu: 技術支援報告 >> Tech Support Report]]>
    </line>
    <line>
      <![CDATA[[S]ReportLog >> test.Test_NavData_ENG > 'DEVICE' Menu: PMTU Discovery]]>
    </line>
    <line>
      <![CDATA[[S]ReportLog >> test.Test_NavData_ZHT > 'DEVICE' Menu: 檢查網路設定 >> Check Network Settings]]>
    </line>
    <line>
      <![CDATA[[S]ReportLog >> test.Test_NavData_ZHT > 'DEVICE' Menu: DNS 名稱查詢 >> DNS Name Lookup]]>
    </line>
    <line>
      <![CDATA[[S]ReportLog >> test.Test_NavData_ENG > 'DEVICE' Menu: Switch Diagnostics]]>
    </line>
    <line>
      <![CDATA[[S]ReportLog >> test.Test_NavData_ZHT > 'DEVICE' Menu: 網路路徑 >> Network Path]]>
    </line>
    <line>
      <![CDATA[[S]ReportLog >> test.Test_NavData_ZHT > 'DEVICE' Menu: 偵測 >> Ping]]>
    </line>
    <line>
      <![CDATA[[S]ReportLog >> test.Test_NavData_ENG > 'DEVICE' Menu: Switch Network]]>
    </line>
    <line>
      <![CDATA[[S]ReportLog >> test.Test_NavData_ZHT > 'DEVICE' Menu: 追蹤路由 >> Trace Route]]>
    </line>
    <line>
      <![CDATA[[S]ReportLog >> test.Test_NavData_ENG > 'DEVICE' Menu: Overview]]>
    </line>
    <line>
      <![CDATA[[S]ReportLog >> test.Test_NavData_ZHT > 'DEVICE' Menu: 即時封鎖清單 >> Real-Time Blacklist]]>
    </line>
    <line>
      <![CDATA[[S]ReportLog >> test.Test_NavData_ZHT > 'DEVICE' Menu: 反向名稱查詢 >> Reverse Name Lookup]]>
    </line>
    <line>
      <![CDATA[[S]ReportLog >> test.Test_NavData_ENG > 'DEVICE' Menu: Switches]]>
    </line>
    <line>
      <![CDATA[[S]ReportLog >> test.Test_NavData_ZHT > 'DEVICE' Menu: 連線 TopX >> Connection TopX]]>
    </line>
    <line>
      <![CDATA[[S]ReportLog >> test.Test_NavData_ENG > 'DEVICE' Menu: Access Points]]>
    </line>
    <line>
      <![CDATA[[S]ReportLog >> test.Test_NavData_ZHT > 'DEVICE' Menu: Geo 和 Botnet >> Geo and Botnet]]>
    </line>
    <line>
      <![CDATA[[S]ReportLog >> test.Test_NavData_ZHT > 'DEVICE' Menu: MX 和橫幅 >> MX and Banner]]>
    </line>
    <line>
      <![CDATA[[S]ReportLog >> test.Test_NavData_ENG > 'DEVICE' Menu: Settings]]>
    </line>
    <line>
      <![CDATA[[S]ReportLog >> test.Test_NavData_ZHT > 'DEVICE' Menu: GRID 檢查 >> GRID Check]]>
    </line>
    <line>
      <![CDATA[[S]ReportLog >> test.Test_NavData_ENG > 'DEVICE' Menu: Firmware Management]]>
    </line>
    <line>
      <![CDATA[[S]ReportLog >> test.Test_NavData_ZHT > 'DEVICE' Menu: URL 評等要求 >> URL Rating Request]]>
    </line>
    <line>
      <![CDATA[[S]ReportLog >> test.Test_NavData_ZHT > 'DEVICE' Menu: PMTU 探索 >> PMTU Discovery]]>
    </line>
    <line>
      <![CDATA[[S]ReportLog >> test.Test_NavData_ENG > 'DEVICE' Menu: Floor Plan View]]>
    </line>
    <line>
      <![CDATA[[S]ReportLog >> test.Test_NavData_ZHT > 'DEVICE' Menu: 交換器診斷 >> Switch Diagnostics]]>
    </line>
    <line>
      <![CDATA[[S]ReportLog >> test.Test_NavData_ENG > 'DEVICE' Menu: Station Status]]>
    </line>
    <line>
      <![CDATA[[S]ReportLog >> test.Test_NavData_ZHT > 'DEVICE' Menu: 交換器網路 >> Switch Network]]>
    </line>
    <line>
      <![CDATA[[S]ReportLog >> test.Test_NavData_ENG > 'DEVICE' Menu: IDS]]>
    </line>
    <line>
      <![CDATA[[S]ReportLog >> test.Test_NavData_ZHT > 'DEVICE' Menu: 概觀 >> Overview]]>
    </line>
    <line>
      <![CDATA[[S]ReportLog >> test.Test_NavData_ZHT > 'DEVICE' Menu: 交換器 >> Switches]]>
    </line>
    <line>
      <![CDATA[[S]ReportLog >> test.Test_NavData_ENG > 'DEVICE' Menu: Advanced IDP]]>
    </line>
    <line>
      <![CDATA[[S]ReportLog >> test.Test_NavData_ZHT > 'DEVICE' Menu: 存取點 >> Access Points]]>
    </line>
    <line>
      <![CDATA[[S]ReportLog >> test.Test_NavData_ENG > 'DEVICE' Menu: Packet Capture]]>
    </line>
    <line>
      <![CDATA[[S]ReportLog >> test.Test_NavData_ZHT > 'DEVICE' Menu: 設定 >> Settings]]>
    </line>
    <line>
      <![CDATA[[S]ReportLog >> test.Test_NavData_ZHT > 'DEVICE' Menu: 韌體管理 >> Firmware Management]]>
    </line>
    <line>
      <![CDATA[[S]ReportLog >> test.Test_NavData_ENG > 'DEVICE' Menu: Virtual Access Point]]>
    </line>
    <line>
      <![CDATA[[S]ReportLog >> test.Test_NavData_ZHT > 'DEVICE' Menu: 平面設計圖檢視 >> Floor Plan View]]>
    </line>
    <line>
      <![CDATA[[S]ReportLog >> test.Test_NavData_ZHT > 'DEVICE' Menu: 站台狀態 >> Station Status]]>
    </line>
    <line>
      <![CDATA[[S]ReportLog >> test.Test_NavData_ENG > 'DEVICE' Menu: RF Monitoring]]>
    </line>
    <line>
      <![CDATA[[S]ReportLog >> test.Test_NavData_ZHT > 'DEVICE' Menu: IDS >> IDS]]>
    </line>
    <line>
      <![CDATA[[S]ReportLog >> test.Test_NavData_ENG > 'DEVICE' Menu: RF Analysis]]>
    </line>
    <line>
      <![CDATA[[S]ReportLog >> test.Test_NavData_ZHT > 'DEVICE' Menu: 進階 IDP >> Advanced IDP]]>
    </line>
    <line>
      <![CDATA[[S]ReportLog >> test.Test_NavData_ZHT > 'DEVICE' Menu: 封包擷取 >> Packet Capture]]>
    </line>
    <line>
      <![CDATA[[S]ReportLog >> test.Test_NavData_ENG > 'DEVICE' Menu: RF Spectrum]]>
    </line>
    <line>
      <![CDATA[[S]ReportLog >> test.Test_NavData_ZHT > 'DEVICE' Menu: 虛擬存取點 >> Virtual Access Point]]>
    </line>
    <line>
      <![CDATA[[S]ReportLog >> test.Test_NavData_ZHT > 'DEVICE' Menu: RF 監視 >> RF Monitoring]]>
    </line>
    <line>
      <![CDATA[[S]ReportLog >> test.Test_NavData_ZHT > 'DEVICE' Menu: RF 分析 >> RF Analysis]]>
    </line>
    <line>
      <![CDATA[[S]ReportLog >> test.Test_NavData_ENG > 'DEVICE' Menu: FairNet]]>
    </line>
    <line>
      <![CDATA[[S]ReportLog >> test.Test_NavData_ZHT > 'DEVICE' Menu: RF 頻譜 >> RF Spectrum]]>
    </line>
    <line>
      <![CDATA[[S]ReportLog >> test.Test_NavData_ENG > 'DEVICE' Menu: Wi-Fi Multimedia]]>
    </line>
    <line>
      <![CDATA[[S]ReportLog >> test.Test_NavData_ZHT > 'DEVICE' Menu: FairNet >> FairNet]]>
    </line>
    <line>
      <![CDATA[[S]ReportLog >> test.Test_NavData_ZHT > 'DEVICE' Menu: Wi-Fi 多媒體 >> Wi-Fi Multimedia]]>
    </line>
    <line>
      <![CDATA[[S]ReportLog >> test.Test_NavData_ENG > 'DEVICE' Menu: 3G/4G/LTE WWAN]]>
    </line>
    <line>
      <![CDATA[[S]ReportLog >> test.Test_NavData_ZHT > 'DEVICE' Menu: 3G/4G/LTE WWAN >> 3G/4G/LTE WWAN]]>
    </line>
    <line>
      <![CDATA[[S]ReportLog >> test.Test_NavData_ENG > 'DEVICE' Menu: Bluetooth LE]]>
    </line>
    <line>
      <![CDATA[[S]ReportLog >> test.Test_NavData_ZHT > 'DEVICE' Menu: 藍牙 LE >> Bluetooth LE]]>
    </line>
    <line>
      <![CDATA[[S]ReportLog >> test.Test_NavData_ZHT > 'DEVICE' Menu: 無線電管理 >> Radio Management]]>
    </line>
    <line>
      <![CDATA[[S]ReportLog >> test.Test_NavData_ENG > 'DEVICE' Menu: Radio Management]]>
    </line>
    <line>
      <![CDATA[[S]ReportLog >> test.Test_NavData_ZHT > 'DEVICE' Menu: 無線廣域網路 (WWAN) >> WWAN]]>
    </line>
    <line>
      <![CDATA[[S]ReportLog >> test.Test_NavData_ZHT > ========================================================================]]>
    </line>
    <line>
      <![CDATA[[S]ReportLog >> test.Test_NavData_ZHT > 'DEVICE' Menu: Settings >> Settings (TOP)]]>
    </line>
    <line>
      <![CDATA[[S]ReportLog >> test.Test_NavData_ZHT > ========================================================================]]>
    </line>
    <line>
      <![CDATA[[S]ReportLog >> test.Test_NavData_ZHT > ALL MENU: 69]]>
    </line>
    <line>
      <![CDATA[[S]ReportLog >> test.Test_NavData_ENG > 'DEVICE' Menu: WWAN]]>
    </line>
    <line>
      <![CDATA[[S]ReportLog >> test.Test_NavData_ENG > ========================================================================]]>
    </line>
    <line>
      <![CDATA[[S]ReportLog >> test.Test_NavData_ENG > 'DEVICE' Menu: Settings >> Settings (TOP)]]>
    </line>
    <line>
      <![CDATA[[S]ReportLog >> test.Test_NavData_ENG > ========================================================================]]>
    </line>
    <line>
      <![CDATA[[S]ReportLog >> test.Test_NavData_ENG > ALL MENU: 69]]>
    </line>
    <line>
      <![CDATA[[S]ReportLog >> test.Test_NavData_ZHT > Data updated for [ZHT]!]]>
    </line>
    <line>
      <![CDATA[[S]ReportLog >> test.Test_NavData_ZHT > Top menu 'DEVICE' is done!]]>
    </line>
    <line>
      <![CDATA[[S]ReportLog >> test.Test_NavData_ENG > Data updated for [ENG]!]]>
    </line>
    <line>
      <![CDATA[[S]ReportLog >> test.Test_NavData_ENG > Top menu 'DEVICE' is done!]]>
    </line>
    <line>
      <![CDATA[[S]ReportLog >> test.Test_NavData_ENG > 'NETWORK' Menu: System]]>
    </line>
    <line>
      <![CDATA[[S]ReportLog >> test.Test_NavData_ZHT > 'NETWORK' Menu: 系統 >> System]]>
    </line>
    <line>
      <![CDATA[[S]ReportLog >> test.Test_NavData_ENG > 'NETWORK' Menu: Interfaces]]>
    </line>
    <line>
      <![CDATA[[S]ReportLog >> test.Test_NavData_ZHT > 'NETWORK' Menu: 介面 >> Interfaces]]>
    </line>
    <line>
      <![CDATA[[S]ReportLog >> test.Test_NavData_ZHT > 'NETWORK' Menu: 容錯移轉和負載平衡 >> Failover & LB]]>
    </line>
    <line>
      <![CDATA[[S]ReportLog >> test.Test_NavData_ENG > 'NETWORK' Menu: Failover & LB]]>
    </line>
    <line>
      <![CDATA[[S]ReportLog >> test.Test_NavData_ZHT > 'NETWORK' Menu: 探索芳鄰 >> Neighbor Discovery]]>
    </line>
    <line>
      <![CDATA[[S]ReportLog >> test.Test_NavData_ENG > 'NETWORK' Menu: Neighbor Discovery]]>
    </line>
    <line>
      <![CDATA[[S]ReportLog >> test.Test_NavData_ZHT > 'NETWORK' Menu: ARP >> ARP]]>
    </line>
    <line>
      <![CDATA[[S]ReportLog >> test.Test_NavData_ZHT > 'NETWORK' Menu: MAC-IP 反詐騙 >> MAC IP Anti-Spoof]]>
    </line>
    <line>
      <![CDATA[[S]ReportLog >> test.Test_NavData_ENG > 'NETWORK' Menu: ARP]]>
    </line>
    <line>
      <![CDATA[[S]ReportLog >> test.Test_NavData_ZHT > 'NETWORK' Menu: Web 代理 >> Web Proxy]]>
    </line>
    <line>
      <![CDATA[[S]ReportLog >> test.Test_NavData_ENG > 'NETWORK' Menu: MAC IP Anti-Spoof]]>
    </line>
    <line>
      <![CDATA[[S]ReportLog >> test.Test_NavData_ZHT > 'NETWORK' Menu: PortShield 群組 >> PortShield Groups]]>
    </line>
    <line>
      <![CDATA[[S]ReportLog >> test.Test_NavData_ZHT > 'NETWORK' Menu: VLAN 轉譯 >> VLAN Translation]]>
    </line>
    <line>
      <![CDATA[[S]ReportLog >> test.Test_NavData_ENG > 'NETWORK' Menu: Web Proxy]]>
    </line>
    <line>
      <![CDATA[[S]ReportLog >> test.Test_NavData_ZHT > 'NETWORK' Menu: IP 協助程式 >> IP Helper]]>
    </line>
    <line>
      <![CDATA[[S]ReportLog >> test.Test_NavData_ENG > 'NETWORK' Menu: PortShield Groups]]>
    </line>
    <line>
      <![CDATA[[S]ReportLog >> test.Test_NavData_ZHT > 'NETWORK' Menu: 動態路由 >> Dynamic Routing]]>
    </line>
    <line>
      <![CDATA[[S]ReportLog >> test.Test_NavData_ZHT > 'NETWORK' Menu: DHCP 伺服器 >> DHCP Server]]>
    </line>
    <line>
      <![CDATA[[S]ReportLog >> test.Test_NavData_ENG > 'NETWORK' Menu: VLAN Translation]]>
    </line>
    <line>
      <![CDATA[[S]ReportLog >> test.Test_NavData_ZHT > 'NETWORK' Menu: 多點傳送 >> Multicast]]>
    </line>
    <line>
      <![CDATA[[S]ReportLog >> test.Test_NavData_ZHT > 'NETWORK' Menu: 網路監視器 >> Network Monitor]]>
    </line>
    <line>
      <![CDATA[[S]ReportLog >> test.Test_NavData_ZHT > 'NETWORK' Menu: AWS 設定 >> AWS Configuration]]>
    </line>
    <line>
      <![CDATA[[S]ReportLog >> test.Test_NavData_ENG > 'NETWORK' Menu: IP Helper]]>
    </line>
    <line>
      <![CDATA[[S]ReportLog >> test.Test_NavData_ENG > 'NETWORK' Menu: Dynamic Routing]]>
    </line>
    <line>
      <![CDATA[[S]ReportLog >> test.Test_NavData_ENG > 'NETWORK' Menu: DHCP Server]]>
    </line>
    <line>
      <![CDATA[[S]ReportLog >> test.Test_NavData_ENG > 'NETWORK' Menu: Multicast]]>
    </line>
    <line>
      <![CDATA[[S]ReportLog >> test.Test_NavData_ENG > 'NETWORK' Menu: Network Monitor]]>
    </line>
    <line>
      <![CDATA[[S]ReportLog >> test.Test_NavData_ZHT > 'NETWORK' Menu: 防火牆 >> Firewall]]>
    </line>
    <line>
      <![CDATA[[S]ReportLog >> test.Test_NavData_ZHT > 'NETWORK' Menu: 進階 >> Advanced]]>
    </line>
    <line>
      <![CDATA[[S]ReportLog >> test.Test_NavData_ZHT > 'NETWORK' Menu: 洪水攻擊防護 >> Flood Protection]]>
    </line>
    <line>
      <![CDATA[[S]ReportLog >> test.Test_NavData_ENG > 'NETWORK' Menu: AWS Configuration]]>
    </line>
    <line>
      <![CDATA[[S]ReportLog >> test.Test_NavData_ZHT > 'NETWORK' Menu: SSL 控制 >> SSL Control]]>
    </line>
    <line>
      <![CDATA[[S]ReportLog >> test.Test_NavData_ENG > 'NETWORK' Menu: Firewall]]>
    </line>
    <line>
      <![CDATA[[S]ReportLog >> test.Test_NavData_ZHT > 'NETWORK' Menu: 加密控制 >> Cipher Control]]>
    </line>
    <line>
      <![CDATA[[S]ReportLog >> test.Test_NavData_ENG > 'NETWORK' Menu: Advanced]]>
    </line>
    <line>
      <![CDATA[[S]ReportLog >> test.Test_NavData_ENG > 'NETWORK' Menu: Flood Protection]]>
    </line>
    <line>
      <![CDATA[[S]ReportLog >> test.Test_NavData_ZHT > 'NETWORK' Menu: RBL 篩選條件 >> RBL Filter]]>
    </line>
    <line>
      <![CDATA[[S]ReportLog >> test.Test_NavData_ENG > 'NETWORK' Menu: SSL Control]]>
    </line>
    <line>
      <![CDATA[[S]ReportLog >> test.Test_NavData_ZHT > 'NETWORK' Menu: VoIP >> VoIP]]>
    </line>
    <line>
      <![CDATA[[S]ReportLog >> test.Test_NavData_ZHT > 'NETWORK' Menu: 設定 >> Settings]]>
    </line>
    <line>
      <![CDATA[[S]ReportLog >> test.Test_NavData_ENG > 'NETWORK' Menu: Cipher Control]]>
    </line>
    <line>
      <![CDATA[[S]ReportLog >> test.Test_NavData_ZHT > 'NETWORK' Menu: 呼叫狀態 >> Call Status]]>
    </line>
    <line>
      <![CDATA[[S]ReportLog >> test.Test_NavData_ENG > 'NETWORK' Menu: RBL Filter]]>
    </line>
    <line>
      <![CDATA[[S]ReportLog >> test.Test_NavData_ZHT > 'NETWORK' Menu: DNS >> DNS]]>
    </line>
    <line>
      <![CDATA[[S]ReportLog >> test.Test_NavData_ZHT > 'NETWORK' Menu: 設定 >> Settings]]>
    </line>
    <line>
      <![CDATA[[S]ReportLog >> test.Test_NavData_ENG > 'NETWORK' Menu: VoIP]]>
    </line>
    <line>
      <![CDATA[[S]ReportLog >> test.Test_NavData_ZHT > 'NETWORK' Menu: 動態 DNS >> Dynamic DNS]]>
    </line>
    <line>
      <![CDATA[[S]ReportLog >> test.Test_NavData_ENG > 'NETWORK' Menu: Settings]]>
    </line>
    <line>
      <![CDATA[[S]ReportLog >> test.Test_NavData_ZHT > 'NETWORK' Menu: DNS 代理 >> DNS Proxy]]>
    </line>
    <line>
      <![CDATA[[S]ReportLog >> test.Test_NavData_ZHT > 'NETWORK' Menu: DNS 安全性 >> DNS Security]]>
    </line>
    <line>
      <![CDATA[[S]ReportLog >> test.Test_NavData_ENG > 'NETWORK' Menu: Call Status]]>
    </line>
    <line>
      <![CDATA[[S]ReportLog >> test.Test_NavData_ZHT > 'NETWORK' Menu: 切換中 >> Switching]]>
    </line>
    <line>
      <![CDATA[[S]ReportLog >> test.Test_NavData_ENG > 'NETWORK' Menu: DNS]]>
    </line>
    <line>
      <![CDATA[[S]ReportLog >> test.Test_NavData_ZHT > 'NETWORK' Menu: VLAN 主幹 >> VLAN Trunking]]>
    </line>
    <line>
      <![CDATA[[S]ReportLog >> test.Test_NavData_ZHT > 'NETWORK' Menu: L2 探索 >> L2 Discovery]]>
    </line>
    <line>
      <![CDATA[[S]ReportLog >> test.Test_NavData_ENG > 'NETWORK' Menu: Settings]]>
    </line>
    <line>
      <![CDATA[[S]ReportLog >> test.Test_NavData_ZHT > 'NETWORK' Menu: 連結彙總 >> Link Aggregation]]>
    </line>
    <line>
      <![CDATA[[S]ReportLog >> test.Test_NavData_ENG > 'NETWORK' Menu: Dynamic DNS]]>
    </line>
    <line>
      <![CDATA[[S]ReportLog >> test.Test_NavData_ZHT > 'NETWORK' Menu: 連接埠鏡像 >> Port Mirroring]]>
    </line>
    <line>
      <![CDATA[[S]ReportLog >> test.Test_NavData_ENG > 'NETWORK' Menu: DNS Proxy]]>
    </line>
    <line>
      <![CDATA[[S]ReportLog >> test.Test_NavData_ZHT > 'NETWORK' Menu: SDWAN >> SDWAN]]>
    </line>
    <line>
      <![CDATA[[S]ReportLog >> test.Test_NavData_ZHT > 'NETWORK' Menu: 群組 >> Groups]]>
    </line>
    <line>
      <![CDATA[[S]ReportLog >> test.Test_NavData_ENG > 'NETWORK' Menu: DNS Security]]>
    </line>
    <line>
      <![CDATA[[S]ReportLog >> test.Test_NavData_ZHT > 'NETWORK' Menu: SLA 探查 >> SLA Probes]]>
    </line>
    <line>
      <![CDATA[[S]ReportLog >> test.Test_NavData_ZHT > 'NETWORK' Menu: SLA 類別物件 >> SLA Class Objects]]>
    </line>
    <line>
      <![CDATA[[S]ReportLog >> test.Test_NavData_ENG > 'NETWORK' Menu: Switching]]>
    </line>
    <line>
      <![CDATA[[S]ReportLog >> test.Test_NavData_ZHT > 'NETWORK' Menu: 路徑選取設定檔 >> Path Selection Profiles]]>
    </line>
    <line>
      <![CDATA[[S]ReportLog >> test.Test_NavData_ENG > 'NETWORK' Menu: VLAN Trunking]]>
    </line>
    <line>
      <![CDATA[[S]ReportLog >> test.Test_NavData_ZHT > 'NETWORK' Menu: 規則 >> Rules]]>
    </line>
    <line>
      <![CDATA[[S]ReportLog >> test.Test_NavData_ZHT > 'NETWORK' Menu: IPsec VPN >> IPSec VPN]]>
    </line>
    <line>
      <![CDATA[[S]ReportLog >> test.Test_NavData_ENG > 'NETWORK' Menu: L2 Discovery]]>
    </line>
    <line>
      <![CDATA[[S]ReportLog >> test.Test_NavData_ZHT > 'NETWORK' Menu: 規則與設定 >> Rules and Settings]]>
    </line>
    <line>
      <![CDATA[[S]ReportLog >> test.Test_NavData_ENG > 'NETWORK' Menu: Link Aggregation]]>
    </line>
    <line>
      <![CDATA[[S]ReportLog >> test.Test_NavData_ZHT > 'NETWORK' Menu: 進階 >> Advanced]]>
    </line>
    <line>
      <![CDATA[[S]ReportLog >> test.Test_NavData_ENG > 'NETWORK' Menu: Port Mirroring]]>
    </line>
    <line>
      <![CDATA[[S]ReportLog >> test.Test_NavData_ZHT > 'NETWORK' Menu: 透過 VPN 的 DHCP >> DHCP over VPN]]>
    </line>
    <line>
      <![CDATA[[S]ReportLog >> test.Test_NavData_ZHT > 'NETWORK' Menu: L2TP 伺服器 >> L2TP Server]]>
    </line>
    <line>
      <![CDATA[[S]ReportLog >> test.Test_NavData_ENG > 'NETWORK' Menu: SDWAN]]>
    </line>
    <line>
      <![CDATA[[S]ReportLog >> test.Test_NavData_ZHT > 'NETWORK' Menu: AWS VPN >> AWS VPN]]>
    </line>
    <line>
      <![CDATA[[S]ReportLog >> test.Test_NavData_ENG > 'NETWORK' Menu: Groups]]>
    </line>
    <line>
      <![CDATA[[S]ReportLog >> test.Test_NavData_ZHT > 'NETWORK' Menu: SSL VPN >> SSL VPN]]>
    </line>
    <line>
      <![CDATA[[S]ReportLog >> test.Test_NavData_ZHT > 'NETWORK' Menu: 狀態 >> Status]]>
    </line>
    <line>
      <![CDATA[[S]ReportLog >> test.Test_NavData_ENG > 'NETWORK' Menu: SLA Probes]]>
    </line>
    <line>
      <![CDATA[[S]ReportLog >> test.Test_NavData_ZHT > 'NETWORK' Menu: 伺服器設定 >> Server Settings]]>
    </line>
    <line>
      <![CDATA[[S]ReportLog >> test.Test_NavData_ZHT > 'NETWORK' Menu: 用戶端設定 >> Client Settings]]>
    </line>
    <line>
      <![CDATA[[S]ReportLog >> test.Test_NavData_ENG > 'NETWORK' Menu: SLA Class Objects]]>
    </line>
    <line>
      <![CDATA[[S]ReportLog >> test.Test_NavData_ZHT > 'NETWORK' Menu: 入口網站設定 >> Portal Settings]]>
    </line>
    <line>
      <![CDATA[[S]ReportLog >> test.Test_NavData_ENG > 'NETWORK' Menu: Path Selection Profiles]]>
    </line>
    <line>
      <![CDATA[[S]ReportLog >> test.Test_NavData_ZHT > 'NETWORK' Menu: 虛擬辦公室 >> Virtual Office]]>
    </line>
    <line>
      <![CDATA[[S]ReportLog >> test.Test_NavData_ZHT > ========================================================================]]>
    </line>
    <line>
      <![CDATA[[S]ReportLog >> test.Test_NavData_ZHT > 'NETWORK' Menu: No duplicated data to the TOP]]>
    </line>
    <line>
      <![CDATA[[S]ReportLog >> test.Test_NavData_ZHT > ========================================================================]]>
    </line>
    <line>
      <![CDATA[[S]ReportLog >> test.Test_NavData_ZHT > ALL MENU: 52]]>
    </line>
    <line>
      <![CDATA[[S]ReportLog >> test.Test_NavData_ENG > 'NETWORK' Menu: Rules]]>
    </line>
    <line>
      <![CDATA[[S]ReportLog >> test.Test_NavData_ZHT > Data updated for [ZHT]!]]>
    </line>
    <line>
      <![CDATA[[S]ReportLog >> test.Test_NavData_ZHT > Top menu 'NETWORK' is done!]]>
    </line>
    <line>
      <![CDATA[[S]ReportLog >> test.Test_NavData_ENG > 'NETWORK' Menu: IPSec VPN]]>
    </line>
    <line>
      <![CDATA[[S]ReportLog >> test.Test_NavData_ENG > 'NETWORK' Menu: Rules and Settings]]>
    </line>
    <line>
      <![CDATA[[S]ReportLog >> test.Test_NavData_ENG > 'NETWORK' Menu: Advanced]]>
    </line>
    <line>
      <![CDATA[[S]ReportLog >> test.Test_NavData_ENG > 'NETWORK' Menu: DHCP over VPN]]>
    </line>
    <line>
      <![CDATA[[S]ReportLog >> test.Test_NavData_ENG > 'NETWORK' Menu: L2TP Server]]>
    </line>
    <line>
      <![CDATA[[S]ReportLog >> test.Test_NavData_ENG > 'NETWORK' Menu: AWS VPN]]>
    </line>
    <line>
      <![CDATA[[S]ReportLog >> test.Test_NavData_ENG > 'NETWORK' Menu: SSL VPN]]>
    </line>
    <line>
      <![CDATA[[S]ReportLog >> test.Test_NavData_ENG > 'NETWORK' Menu: Status]]>
    </line>
    <line>
      <![CDATA[[S]ReportLog >> test.Test_NavData_ENG > 'NETWORK' Menu: Server Settings]]>
    </line>
    <line>
      <![CDATA[[S]ReportLog >> test.Test_NavData_ENG > 'NETWORK' Menu: Client Settings]]>
    </line>
    <line>
      <![CDATA[[S]ReportLog >> test.Test_NavData_ENG > 'NETWORK' Menu: Portal Settings]]>
    </line>
    <line>
      <![CDATA[[S]ReportLog >> test.Test_NavData_ENG > 'NETWORK' Menu: Virtual Office]]>
    </line>
    <line>
      <![CDATA[[S]ReportLog >> test.Test_NavData_ENG > ========================================================================]]>
    </line>
    <line>
      <![CDATA[[S]ReportLog >> test.Test_NavData_ENG > 'NETWORK' Menu: No duplicated data to the TOP]]>
    </line>
    <line>
      <![CDATA[[S]ReportLog >> test.Test_NavData_ENG > ========================================================================]]>
    </line>
    <line>
      <![CDATA[[S]ReportLog >> test.Test_NavData_ENG > ALL MENU: 52]]>
    </line>
    <line>
      <![CDATA[[S]ReportLog >> test.Test_NavData_ENG > Data updated for [ENG]!]]>
    </line>
    <line>
      <![CDATA[[S]ReportLog >> test.Test_NavData_ENG > Top menu 'NETWORK' is done!]]>
    </line>
    <line>
      <![CDATA[[S]ReportLog >> test.Test_NavData_ZHT > 'OBJECT' Menu: 比對物件 >> Match Objects]]>
    </line>
    <line>
      <![CDATA[[S]ReportLog >> test.Test_NavData_ZHT > 'OBJECT' Menu: 區域 >> Zones]]>
    </line>
    <line>
      <![CDATA[[S]ReportLog >> test.Test_NavData_ZHT > 'OBJECT' Menu: 位址 >> Addresses]]>
    </line>
    <line>
      <![CDATA[[S]ReportLog >> test.Test_NavData_ZHT > 'OBJECT' Menu: 服務 >> Services]]>
    </line>
    <line>
      <![CDATA[[S]ReportLog >> test.Test_NavData_ZHT > 'OBJECT' Menu: URI 清單 >> URI Lists]]>
    </line>
    <line>
      <![CDATA[[S]ReportLog >> test.Test_NavData_ZHT > 'OBJECT' Menu: 比對物件 >> Match Objects]]>
    </line>
    <line>
      <![CDATA[[S]ReportLog >> test.Test_NavData_ZHT > 'OBJECT' Menu: 排程 >> Schedules]]>
    </line>
    <line>
      <![CDATA[[S]ReportLog >> test.Test_NavData_ZHT > 'OBJECT' Menu: 動態群組 >> Dynamic Group]]>
    </line>
    <line>
      <![CDATA[[S]ReportLog >> test.Test_NavData_ZHT > 'OBJECT' Menu: 電子郵件地址 >> Email Addresses]]>
    </line>
    <line>
      <![CDATA[[S]ReportLog >> test.Test_NavData_ZHT > 'OBJECT' Menu: 設定檔物件 >> Profile Objects]]>
    </line>
    <line>
      <![CDATA[[S]ReportLog >> test.Test_NavData_ZHT > 'OBJECT' Menu: 端點安全性 >> Endpoint Security]]>
    </line>
    <line>
      <![CDATA[[S]ReportLog >> test.Test_NavData_ZHT > 'OBJECT' Menu: 頻寬 >> Bandwidth]]>
    </line>
    <line>
      <![CDATA[[S]ReportLog >> test.Test_NavData_ZHT > 'OBJECT' Menu: 服務品質 (QoS) 標記 >> QoS Marking]]>
    </line>
    <line>
      <![CDATA[[S]ReportLog >> test.Test_NavData_ZHT > 'OBJECT' Menu: 內容篩選 >> Content Filter]]>
    </line>
    <line>
      <![CDATA[[S]ReportLog >> test.Test_NavData_ZHT > 'OBJECT' Menu: DHCP 選項 >> DHCP Option]]>
    </line>
    <line>
      <![CDATA[[S]ReportLog >> test.Test_NavData_ZHT > 'OBJECT' Menu: AWS >> AWS]]>
    </line>
    <line>
      <![CDATA[[S]ReportLog >> test.Test_NavData_ZHT > 'OBJECT' Menu: 動作物件 >> Action Objects]]>
    </line>
    <line>
      <![CDATA[[S]ReportLog >> test.Test_NavData_ZHT > 'OBJECT' Menu: 應用程式規則執行 >> App Rule Actions]]>
    </line>
    <line>
      <![CDATA[[S]ReportLog >> test.Test_NavData_ZHT > 'OBJECT' Menu: 內容篩選器執行 >> Content Filter Actions]]>
    </line>
    <line>
      <![CDATA[[S]ReportLog >> test.Test_NavData_ZHT > ========================================================================]]>
    </line>
    <line>
      <![CDATA[[S]ReportLog >> test.Test_NavData_ZHT > 'OBJECT' Menu: Match Objects >> Match Objects (TOP)]]>
    </line>
    <line>
      <![CDATA[[S]ReportLog >> test.Test_NavData_ZHT > ========================================================================]]>
    </line>
    <line>
      <![CDATA[[S]ReportLog >> test.Test_NavData_ZHT > ALL MENU: 19]]>
    </line>
    <line>
      <![CDATA[[S]ReportLog >> test.Test_NavData_ZHT > Data updated for [ZHT]!]]>
    </line>
    <line>
      <![CDATA[[S]ReportLog >> test.Test_NavData_ZHT > Top menu 'OBJECT' is done!]]>
    </line>
    <line>
      <![CDATA[[S]ReportLog >> test.Test_NavData_ENG > 'OBJECT' Menu: Match Objects]]>
    </line>
    <line>
      <![CDATA[[S]ReportLog >> test.Test_NavData_ENG > 'OBJECT' Menu: Zones]]>
    </line>
    <line>
      <![CDATA[[S]ReportLog >> test.Test_NavData_ENG > 'OBJECT' Menu: Addresses]]>
    </line>
    <line>
      <![CDATA[[S]ReportLog >> test.Test_NavData_ENG > 'OBJECT' Menu: Services]]>
    </line>
    <line>
      <![CDATA[[S]ReportLog >> test.Test_NavData_ENG > 'OBJECT' Menu: URI Lists]]>
    </line>
    <line>
      <![CDATA[[S]ReportLog >> test.Test_NavData_ENG > 'OBJECT' Menu: Match Objects]]>
    </line>
    <line>
      <![CDATA[[S]ReportLog >> test.Test_NavData_ENG > 'OBJECT' Menu: Schedules]]>
    </line>
    <line>
      <![CDATA[[S]ReportLog >> test.Test_NavData_ENG > 'OBJECT' Menu: Dynamic Group]]>
    </line>
    <line>
      <![CDATA[[S]ReportLog >> test.Test_NavData_ENG > 'OBJECT' Menu: Email Addresses]]>
    </line>
    <line>
      <![CDATA[[S]ReportLog >> test.Test_NavData_ENG > 'OBJECT' Menu: Profile Objects]]>
    </line>
    <line>
      <![CDATA[[S]ReportLog >> test.Test_NavData_ENG > 'OBJECT' Menu: Endpoint Security]]>
    </line>
    <line>
      <![CDATA[[S]ReportLog >> test.Test_NavData_ENG > 'OBJECT' Menu: Bandwidth]]>
    </line>
    <line>
      <![CDATA[[S]ReportLog >> test.Test_NavData_ENG > 'OBJECT' Menu: QoS Marking]]>
    </line>
    <line>
      <![CDATA[[S]ReportLog >> test.Test_NavData_ENG > 'OBJECT' Menu: Content Filter]]>
    </line>
    <line>
      <![CDATA[[S]ReportLog >> test.Test_NavData_ENG > 'OBJECT' Menu: DHCP Option]]>
    </line>
    <line>
      <![CDATA[[S]ReportLog >> test.Test_NavData_ENG > 'OBJECT' Menu: AWS]]>
    </line>
    <line>
      <![CDATA[[S]ReportLog >> test.Test_NavData_ENG > 'OBJECT' Menu: Action Objects]]>
    </line>
    <line>
      <![CDATA[[S]ReportLog >> test.Test_NavData_ENG > 'OBJECT' Menu: App Rule Actions]]>
    </line>
    <line>
      <![CDATA[[S]ReportLog >> test.Test_NavData_ENG > 'OBJECT' Menu: Content Filter Actions]]>
    </line>
    <line>
      <![CDATA[[S]ReportLog >> test.Test_NavData_ENG > ========================================================================]]>
    </line>
    <line>
      <![CDATA[[S]ReportLog >> test.Test_NavData_ENG > 'OBJECT' Menu: Match Objects >> Match Objects (TOP)]]>
    </line>
    <line>
      <![CDATA[[S]ReportLog >> test.Test_NavData_ENG > ========================================================================]]>
    </line>
    <line>
      <![CDATA[[S]ReportLog >> test.Test_NavData_ENG > ALL MENU: 19]]>
    </line>
    <line>
      <![CDATA[[S]ReportLog >> test.Test_NavData_ENG > Data updated for [ENG]!]]>
    </line>
    <line>
      <![CDATA[[S]ReportLog >> test.Test_NavData_ENG > Top menu 'OBJECT' is done!]]>
    </line>
    <line>
      <![CDATA[[S]ReportLog >> test.Test_NavData_ZHT > 'POLICY' Menu: 規則與原則 >> Rules and Policies]]>
    </line>
    <line>
      <![CDATA[[S]ReportLog >> test.Test_NavData_ZHT > 'POLICY' Menu: 存取規則 >> Access Rules]]>
    </line>
    <line>
      <![CDATA[[S]ReportLog >> test.Test_NavData_ZHT > 'POLICY' Menu: NAT 規則 >> NAT Rules]]>
    </line>
    <line>
      <![CDATA[[S]ReportLog >> test.Test_NavData_ZHT > 'POLICY' Menu: 路由規則 >> Routing Rules]]>
    </line>
    <line>
      <![CDATA[[S]ReportLog >> test.Test_NavData_ZHT > 'POLICY' Menu: 內容篩選規則 >> Content Filter Rules]]>
    </line>
    <line>
      <![CDATA[[S]ReportLog >> test.Test_NavData_ZHT > 'POLICY' Menu: 應用程式規則 >> App Rules]]>
    </line>
    <line>
      <![CDATA[[S]ReportLog >> test.Test_NavData_ZHT > 'POLICY' Menu: 端點規則 >> Endpoint Rules]]>
    </line>
    <line>
      <![CDATA[[S]ReportLog >> test.Test_NavData_ZHT > 'POLICY' Menu: DPI-SSL >> DPI-SSL]]>
    </line>
    <line>
      <![CDATA[[S]ReportLog >> test.Test_NavData_ZHT > 'POLICY' Menu: 用戶端 SSL >> Client SSL]]>
    </line>
    <line>
      <![CDATA[[S]ReportLog >> test.Test_NavData_ZHT > 'POLICY' Menu: 伺服器 SSL >> Server SSL]]>
    </line>
    <line>
      <![CDATA[[S]ReportLog >> test.Test_NavData_ZHT > 'POLICY' Menu: DPI-SSH >> DPI-SSH]]>
    </line>
    <line>
      <![CDATA[[S]ReportLog >> test.Test_NavData_ZHT > 'POLICY' Menu: 設定 >> Settings]]>
    </line>
    <line>
      <![CDATA[[S]ReportLog >> test.Test_NavData_ZHT > 'POLICY' Menu: 安全性服務 >> Security Services]]>
    </line>
    <line>
      <![CDATA[[S]ReportLog >> test.Test_NavData_ZHT > 'POLICY' Menu: 摘要 >> Summary]]>
    </line>
    <line>
      <![CDATA[[S]ReportLog >> test.Test_NavData_ZHT > 'POLICY' Menu: 閘道防病毒 >> Gateway Anti-Virus]]>
    </line>
    <line>
      <![CDATA[[S]ReportLog >> test.Test_NavData_ZHT > 'POLICY' Menu: 防間諜軟體 >> Anti-Spyware]]>
    </line>
    <line>
      <![CDATA[[S]ReportLog >> test.Test_NavData_ZHT > 'POLICY' Menu: 入侵防護 >> Intrusion Prevention]]>
    </line>
    <line>
      <![CDATA[[S]ReportLog >> test.Test_NavData_ZHT > 'POLICY' Menu: Geo-IP 篩選條件 >> Geo-IP Filter]]>
    </line>
    <line>
      <![CDATA[[S]ReportLog >> test.Test_NavData_ZHT > 'POLICY' Menu: Botnet 篩選器 >> Botnet Filter]]>
    </line>
    <line>
      <![CDATA[[S]ReportLog >> test.Test_NavData_ZHT > 'POLICY' Menu: 應用程式控制 >> App Control]]>
    </line>
    <line>
      <![CDATA[[S]ReportLog >> test.Test_NavData_ZHT > 'POLICY' Menu: 內容篩選 >> Content Filter]]>
    </line>
    <line>
      <![CDATA[[S]ReportLog >> test.Test_NavData_ZHT > 'POLICY' Menu: 反垃圾郵件 >> Anti-Spam]]>
    </line>
    <line>
      <![CDATA[[S]ReportLog >> test.Test_NavData_ZHT > 'POLICY' Menu: 狀態 >> Status]]>
    </line>
    <line>
      <![CDATA[[S]ReportLog >> test.Test_NavData_ZHT > 'POLICY' Menu: 設定 >> Settings]]>
    </line>
    <line>
      <![CDATA[[S]ReportLog >> test.Test_NavData_ZHT > 'POLICY' Menu: 轉送網域 >> Relay Domains]]>
    </line>
    <line>
      <![CDATA[[S]ReportLog >> test.Test_NavData_ZHT > 'POLICY' Menu: 垃圾郵件箱訊息 >> Junk Box Messages]]>
    </line>
    <line>
      <![CDATA[[S]ReportLog >> test.Test_NavData_ZHT > 'POLICY' Menu: 垃圾儲存區設定 >> Junk Box Settings]]>
    </line>
    <line>
      <![CDATA[[S]ReportLog >> test.Test_NavData_ZHT > 'POLICY' Menu: 垃圾儲存區摘要 >> Junk Box Summary]]>
    </line>
    <line>
      <![CDATA[[S]ReportLog >> test.Test_NavData_ZHT > 'POLICY' Menu: 使用者檢視設定 >> User View Setup]]>
    </line>
    <line>
      <![CDATA[[S]ReportLog >> test.Test_NavData_ZHT > 'POLICY' Menu: 通訊錄 >> Address Books]]>
    </line>
    <line>
      <![CDATA[[S]ReportLog >> test.Test_NavData_ZHT > 'POLICY' Menu: 管理使用者 >> Manage Users]]>
    </line>
    <line>
      <![CDATA[[S]ReportLog >> test.Test_NavData_ZHT > 'POLICY' Menu: LDAP 設定 >> LDAP Configuration]]>
    </line>
    <line>
      <![CDATA[[S]ReportLog >> test.Test_NavData_ZHT > 'POLICY' Menu: 進階 >> Advanced]]>
    </line>
    <line>
      <![CDATA[[S]ReportLog >> test.Test_NavData_ZHT > 'POLICY' Menu: 下載 >> Downloads]]>
    </line>
    <line>
      <![CDATA[[S]ReportLog >> test.Test_NavData_ZHT > 'POLICY' Menu: 擷取 ATP >> Capture ATP]]>
    </line>
    <line>
      <![CDATA[[S]ReportLog >> test.Test_NavData_ZHT > 'POLICY' Menu: 設定 >> Settings]]>
    </line>
    <line>
      <![CDATA[[S]ReportLog >> test.Test_NavData_ZHT > 'POLICY' Menu: 掃描歷程記錄 >> Scanning History]]>
    </line>
    <line>
      <![CDATA[[S]ReportLog >> test.Test_NavData_ZHT > 'POLICY' Menu: 端點安全性 >> Endpoint Security]]>
    </line>
    <line>
      <![CDATA[[S]ReportLog >> test.Test_NavData_ZHT > ========================================================================]]>
    </line>
    <line>
      <![CDATA[[S]ReportLog >> test.Test_NavData_ZHT > 'POLICY' Menu: No duplicated data to the TOP]]>
    </line>
    <line>
      <![CDATA[[S]ReportLog >> test.Test_NavData_ZHT > ========================================================================]]>
    </line>
    <line>
      <![CDATA[[S]ReportLog >> test.Test_NavData_ZHT > ALL MENU: 38]]>
    </line>
    <line>
      <![CDATA[[S]ReportLog >> test.Test_NavData_ZHT > Data updated for [ZHT]!]]>
    </line>
    <line>
      <![CDATA[[S]ReportLog >> test.Test_NavData_ZHT > Top menu 'POLICY' is done!]]>
    </line>
    <line>
      <![CDATA[[S]ReportLog >> test.Test_NavData_ENG > 'POLICY' Menu: Rules and Policies]]>
    </line>
    <line>
      <![CDATA[[S]ReportLog >> test.Test_NavData_ENG > 'POLICY' Menu: Access Rules]]>
    </line>
    <line>
      <![CDATA[[S]ReportLog >> test.Test_NavData_ENG > 'POLICY' Menu: NAT Rules]]>
    </line>
    <line>
      <![CDATA[[S]ReportLog >> test.Test_NavData_ENG > 'POLICY' Menu: Routing Rules]]>
    </line>
    <line>
      <![CDATA[[S]ReportLog >> test.Test_NavData_ENG > 'POLICY' Menu: Content Filter Rules]]>
    </line>
    <line>
      <![CDATA[[S]ReportLog >> test.Test_NavData_ENG > 'POLICY' Menu: App Rules]]>
    </line>
    <line>
      <![CDATA[[S]ReportLog >> test.Test_NavData_ENG > 'POLICY' Menu: Endpoint Rules]]>
    </line>
    <line>
      <![CDATA[[S]ReportLog >> test.Test_NavData_ENG > 'POLICY' Menu: DPI-SSL]]>
    </line>
    <line>
      <![CDATA[[S]ReportLog >> test.Test_NavData_ENG > 'POLICY' Menu: Client SSL]]>
    </line>
    <line>
      <![CDATA[[S]ReportLog >> test.Test_NavData_ENG > 'POLICY' Menu: Server SSL]]>
    </line>
    <line>
      <![CDATA[[S]ReportLog >> test.Test_NavData_ENG > 'POLICY' Menu: DPI-SSH]]>
    </line>
    <line>
      <![CDATA[[S]ReportLog >> test.Test_NavData_ENG > 'POLICY' Menu: Settings]]>
    </line>
    <line>
      <![CDATA[[S]ReportLog >> test.Test_NavData_ENG > 'POLICY' Menu: Security Services]]>
    </line>
    <line>
      <![CDATA[[S]ReportLog >> test.Test_NavData_ENG > 'POLICY' Menu: Summary]]>
    </line>
    <line>
      <![CDATA[[S]ReportLog >> test.Test_NavData_ENG > 'POLICY' Menu: Gateway Anti-Virus]]>
    </line>
    <line>
      <![CDATA[[S]ReportLog >> test.Test_NavData_ENG > 'POLICY' Menu: Anti-Spyware]]>
    </line>
    <line>
      <![CDATA[[S]ReportLog >> test.Test_NavData_ENG > 'POLICY' Menu: Intrusion Prevention]]>
    </line>
    <line>
      <![CDATA[[S]ReportLog >> test.Test_NavData_ENG > 'POLICY' Menu: Geo-IP Filter]]>
    </line>
    <line>
      <![CDATA[[S]ReportLog >> test.Test_NavData_ENG > 'POLICY' Menu: Botnet Filter]]>
    </line>
    <line>
      <![CDATA[[S]ReportLog >> test.Test_NavData_ENG > 'POLICY' Menu: App Control]]>
    </line>
    <line>
      <![CDATA[[S]ReportLog >> test.Test_NavData_ENG > 'POLICY' Menu: Content Filter]]>
    </line>
    <line>
      <![CDATA[[S]ReportLog >> test.Test_NavData_ENG > 'POLICY' Menu: Anti-Spam]]>
    </line>
    <line>
      <![CDATA[[S]ReportLog >> test.Test_NavData_ENG > 'POLICY' Menu: Status]]>
    </line>
    <line>
      <![CDATA[[S]ReportLog >> test.Test_NavData_ENG > 'POLICY' Menu: Settings]]>
    </line>
    <line>
      <![CDATA[[S]ReportLog >> test.Test_NavData_ENG > 'POLICY' Menu: Capture ATP]]>
    </line>
    <line>
      <![CDATA[[S]ReportLog >> test.Test_NavData_ENG > 'POLICY' Menu: Settings]]>
    </line>
    <line>
      <![CDATA[[S]ReportLog >> test.Test_NavData_ENG > 'POLICY' Menu: Scanning History]]>
    </line>
    <line>
      <![CDATA[[S]ReportLog >> test.Test_NavData_ENG > 'POLICY' Menu: Endpoint Security]]>
    </line>
    <line>
      <![CDATA[[S]ReportLog >> test.Test_NavData_ENG > ========================================================================]]>
    </line>
    <line>
      <![CDATA[[S]ReportLog >> test.Test_NavData_ENG > 'POLICY' Menu: No duplicated data to the TOP]]>
    </line>
    <line>
      <![CDATA[[S]ReportLog >> test.Test_NavData_ENG > ========================================================================]]>
    </line>
    <line>
      <![CDATA[[S]ReportLog >> test.Test_NavData_ENG > ALL MENU: 28]]>
    </line>
    <line>
      <![CDATA[[S]ReportLog >> test.Test_NavData_ENG > Data updated for [ENG]!]]>
    </line>
    <line>
      <![CDATA[[S]ReportLog >> test.Test_NavData_ENG > Top menu 'POLICY' is done!]]>
    </line>
    <line>
      <![CDATA[[S]ReportLog >> test.Test_NavData_ZHT > Info created for [ZHT]!]]>
    </line>
    <line>
      <![CDATA[[S]ReportLog >> test.Test_NavData_ZHT > Info updated for [ZHT]!]]>
    </line>
    <line>
      <![CDATA[[S]ReportLog >> test_Step02_MenuTop_ZHT > [Pass]Take screenshot...]]>
    </line>
    <line>
      <![CDATA[[S]ReportLog >> test.Test_NavData_ENG > Info created for [ENG]!]]>
    </line>
    <line>
      <![CDATA[[S]ReportLog >> test.Test_NavData_ENG > Info updated for [ENG]!]]>
    </line>
    <line>
      <![CDATA[[S]ReportLog >> test_Step02_MenuTop_ENG > [Pass]Take screenshot...]]>
    </line>
    <line>
      <![CDATA[[S]ReportLog >> Box_ZHT > Got data!]]>
    </line>
    <line>
      <![CDATA[[S]ReportLog >> box_ENG > Got data!]]>
    </line>
    <line>
      <![CDATA[[S]ReportLog >> test_dataCompare > Ready to start...]]>
    </line>
    <line>
      <![CDATA[[S]ReportLog >> test_dataCompare > --------------------------------------------------------------------]]>
    </line>
    <line>
      <![CDATA[[S]ReportLog >> test_dataCompare > [ZHT] info: Device Name -----> NSa 5700]]>
    </line>
    <line>
      <![CDATA[[S]ReportLog >> test_dataCompare > [ZHT] info: Serial Number ---> 2CB8EDA2B70F]]>
    </line>
    <line>
      <![CDATA[[S]ReportLog >> test_dataCompare > [ZHT] info: Firmware Version > SonicOS 7.0.1-5080-D3249-zht5159]]>
    </line>
    <line>
      <![CDATA[[S]ReportLog >> test_dataCompare > --------------------------------------------------------------------]]>
    </line>
    <line>
      <![CDATA[[S]ReportLog >> test_dataCompare > [ENG] info: Device Name -----> NSA 2700]]>
    </line>
    <line>
      <![CDATA[[S]ReportLog >> test_dataCompare > [ENG] info: Serial Number ---> 2CB8ED8279E0]]>
    </line>
    <line>
      <![CDATA[[S]ReportLog >> test_dataCompare > [ENG] info: Firmware Version > SonicOS 7.0.1-5080-P3250]]>
    </line>
    <line>
      <![CDATA[[S]ReportLog >> test_dataCompare > --------------------------------------------------------------------]]>
    </line>
    <line>
      <![CDATA[[S]ReportLog >> missing_page > [ENG] version missing: POLICY > Anti-Spam > Relay Domains]]>
    </line>
    <line>
      <![CDATA[[S]ReportLog >> missing_page > [ENG] version missing: POLICY > Anti-Spam > Junk Box Messages]]>
    </line>
    <line>
      <![CDATA[[S]ReportLog >> missing_page > [ENG] version missing: POLICY > Anti-Spam > Junk Box Settings]]>
    </line>
    <line>
      <![CDATA[[S]ReportLog >> missing_page > [ENG] version missing: POLICY > Anti-Spam > Junk Box Summary]]>
    </line>
    <line>
      <![CDATA[[S]ReportLog >> missing_page > [ENG] version missing: POLICY > Anti-Spam > User View Setup]]>
    </line>
    <line>
      <![CDATA[[S]ReportLog >> missing_page > [ENG] version missing: POLICY > Anti-Spam > Address Books]]>
    </line>
    <line>
      <![CDATA[[S]ReportLog >> missing_page > [ENG] version missing: POLICY > Anti-Spam > Manage Users]]>
    </line>
    <line>
      <![CDATA[[S]ReportLog >> missing_page > [ENG] version missing: POLICY > Anti-Spam > LDAP Configuration]]>
    </line>
    <line>
      <![CDATA[[S]ReportLog >> missing_page > [ENG] version missing: POLICY > Anti-Spam > Advanced]]>
    </line>
    <line>
      <![CDATA[[S]ReportLog >> missing_page > [ENG] version missing: POLICY > Anti-Spam > Downloads]]>
    </line>
  </reporter-output>
  <suite started-at="2022-09-23T16:25:54 CST" name="SonicWall TestSuite" finished-at="2022-09-23T16:26:52 CST" duration-ms="58092">
    <groups>
    </groups>
    <test started-at="2022-09-23T16:25:54 CST" name="Menu Test ENG/JPN/ZHT" finished-at="2022-09-23T16:26:52 CST" duration-ms="58045">
      <class name="test.Test_NavData_ENG">
        <test-method is-config="true" signature="beforeClass()[pri:0, instance:test.Test_NavData_ENG@2cdd0d4b]" started-at="2022-09-23T16:25:54 CST" name="beforeClass" finished-at="2022-09-23T16:25:55 CST" duration-ms="1581" status="PASS">
          <reporter-output>
            <line>
              <![CDATA[[S]ReportLog >> test.Test_NavData_ENG > Before Navigate To...https://10.8.162.173[ENG]]]>
            </line>
          </reporter-output>
        </test-method> <!-- beforeClass -->
        <test-method signature="test_Step01_Login_ENG()[pri:0, instance:test.Test_NavData_ENG@2cdd0d4b]" started-at="2022-09-23T16:25:55 CST" name="test_Step01_Login_ENG" finished-at="2022-09-23T16:26:11 CST" duration-ms="15486" status="PASS">
          <reporter-output>
            <line>
              <![CDATA[[S]ReportLog >> test.Test_NavData_ENG > Login to main page...]]>
            </line>
          </reporter-output>
        </test-method> <!-- test_Step01_Login_ENG -->
        <test-method is-config="true" signature="afterMethod(org.testng.ITestResult)[pri:0, instance:test.Test_NavData_ENG@2cdd0d4b]" started-at="2022-09-23T16:26:11 CST" name="afterMethod" finished-at="2022-09-23T16:26:11 CST" duration-ms="286" status="PASS">
          <params>
            <param index="0">
              <value>
                <![CDATA[[TestResult name=test_Step01_Login_ENG status=SUCCESS method=Test_NavData_ENG.test_Step01_Login_ENG()[pri:0, instance:test.Test_NavData_ENG@2cdd0d4b] output=[S]ReportLog >> test.Test_NavData_ENG > Login to main page...]]]>
              </value>
            </param>
          </params>
          <reporter-output>
            <line>
              <![CDATA[[S]ReportLog >> test_Step01_Login_ENG > [Pass]Take screenshot...]]>
            </line>
          </reporter-output>
        </test-method> <!-- afterMethod -->
        <test-method signature="test_Step02_MenuTop_ENG()[pri:0, instance:test.Test_NavData_ENG@2cdd0d4b]" started-at="2022-09-23T16:26:11 CST" name="test_Step02_MenuTop_ENG" finished-at="2022-09-23T16:26:48 CST" duration-ms="37260" status="PASS">
          <reporter-output>
            <line>
              <![CDATA[[S]ReportLog >> test.Test_NavData_ENG > Switch to 'Non-Config' mode...]]>
            </line>
            <line>
              <![CDATA[[S]ReportLog >> test.Test_NavData_ENG > Data created for [ENG]!]]>
            </line>
            <line>
              <![CDATA[[S]ReportLog >> test.Test_NavData_ENG > 'HOME' Menu: Dashboard]]>
            </line>
            <line>
              <![CDATA[[S]ReportLog >> test.Test_NavData_ENG > 'HOME' Menu: System]]>
            </line>
            <line>
              <![CDATA[[S]ReportLog >> test.Test_NavData_ENG > 'HOME' Menu: Access Points]]>
            </line>
            <line>
              <![CDATA[[S]ReportLog >> test.Test_NavData_ENG > 'HOME' Menu: Capture ATP]]>
            </line>
            <line>
              <![CDATA[[S]ReportLog >> test.Test_NavData_ENG > 'HOME' Menu: Topology]]>
            </line>
            <line>
              <![CDATA[[S]ReportLog >> test.Test_NavData_ENG > 'HOME' Menu: Legal Information]]>
            </line>
            <line>
              <![CDATA[[S]ReportLog >> test.Test_NavData_ENG > 'HOME' Menu: API]]>
            </line>
            <line>
              <![CDATA[[S]ReportLog >> test.Test_NavData_ENG > ========================================================================]]>
            </line>
            <line>
              <![CDATA[[S]ReportLog >> test.Test_NavData_ENG > 'HOME' Menu: No duplicated data to the TOP]]>
            </line>
            <line>
              <![CDATA[[S]ReportLog >> test.Test_NavData_ENG > ========================================================================]]>
            </line>
            <line>
              <![CDATA[[S]ReportLog >> test.Test_NavData_ENG > ALL MENU: 7]]>
            </line>
            <line>
              <![CDATA[[S]ReportLog >> test.Test_NavData_ENG > Data updated for [ENG]!]]>
            </line>
            <line>
              <![CDATA[[S]ReportLog >> test.Test_NavData_ENG > Top menu 'HOME' is done!]]>
            </line>
            <line>
              <![CDATA[[S]ReportLog >> test.Test_NavData_ENG > 'MONITOR' Menu: Real-Time Charts]]>
            </line>
            <line>
              <![CDATA[[S]ReportLog >> test.Test_NavData_ENG > 'MONITOR' Menu: System Monitor]]>
            </line>
            <line>
              <![CDATA[[S]ReportLog >> test.Test_NavData_ENG > 'MONITOR' Menu: Protocol Monitor]]>
            </line>
            <line>
              <![CDATA[[S]ReportLog >> test.Test_NavData_ENG > 'MONITOR' Menu: User Monitor]]>
            </line>
            <line>
              <![CDATA[[S]ReportLog >> test.Test_NavData_ENG > 'MONITOR' Menu: BWM Monitor]]>
            </line>
            <line>
              <![CDATA[[S]ReportLog >> test.Test_NavData_ENG > 'MONITOR' Menu: AppFlow]]>
            </line>
            <line>
              <![CDATA[[S]ReportLog >> test.Test_NavData_ENG > 'MONITOR' Menu: AppFlow Report]]>
            </line>
            <line>
              <![CDATA[[S]ReportLog >> test.Test_NavData_ENG > 'MONITOR' Menu: AppFlow Monitor]]>
            </line>
            <line>
              <![CDATA[[S]ReportLog >> test.Test_NavData_ENG > 'MONITOR' Menu: CTA Report]]>
            </line>
            <line>
              <![CDATA[[S]ReportLog >> test.Test_NavData_ENG > 'MONITOR' Menu: SDWAN]]>
            </line>
            <line>
              <![CDATA[[S]ReportLog >> test.Test_NavData_ENG > 'MONITOR' Menu: SDWAN Monitor]]>
            </line>
            <line>
              <![CDATA[[S]ReportLog >> test.Test_NavData_ENG > 'MONITOR' Menu: SD-WAN Connections]]>
            </line>
            <line>
              <![CDATA[[S]ReportLog >> test.Test_NavData_ENG > 'MONITOR' Menu: Logs]]>
            </line>
            <line>
              <![CDATA[[S]ReportLog >> test.Test_NavData_ENG > 'MONITOR' Menu: System Logs]]>
            </line>
            <line>
              <![CDATA[[S]ReportLog >> test.Test_NavData_ENG > 'MONITOR' Menu: Auditing Logs]]>
            </line>
            <line>
              <![CDATA[[S]ReportLog >> test.Test_NavData_ENG > 'MONITOR' Menu: Tools & Monitors]]>
            </line>
            <line>
              <![CDATA[[S]ReportLog >> test.Test_NavData_ENG > 'MONITOR' Menu: Packet Monitor]]>
            </line>
            <line>
              <![CDATA[[S]ReportLog >> test.Test_NavData_ENG > 'MONITOR' Menu: Connections]]>
            </line>
            <line>
              <![CDATA[[S]ReportLog >> test.Test_NavData_ENG > 'MONITOR' Menu: Core 0 Processes]]>
            </line>
            <line>
              <![CDATA[[S]ReportLog >> test.Test_NavData_ENG > 'MONITOR' Menu: Packet Replay]]>
            </line>
            <line>
              <![CDATA[[S]ReportLog >> test.Test_NavData_ENG > ========================================================================]]>
            </line>
            <line>
              <![CDATA[[S]ReportLog >> test.Test_NavData_ENG > 'MONITOR' Menu: No duplicated data to the TOP]]>
            </line>
            <line>
              <![CDATA[[S]ReportLog >> test.Test_NavData_ENG > ========================================================================]]>
            </line>
            <line>
              <![CDATA[[S]ReportLog >> test.Test_NavData_ENG > ALL MENU: 20]]>
            </line>
            <line>
              <![CDATA[[S]ReportLog >> test.Test_NavData_ENG > Data updated for [ENG]!]]>
            </line>
            <line>
              <![CDATA[[S]ReportLog >> test.Test_NavData_ENG > Top menu 'MONITOR' is done!]]>
            </line>
            <line>
              <![CDATA[[S]ReportLog >> test.Test_NavData_ENG > 'DEVICE' Menu: Settings]]>
            </line>
            <line>
              <![CDATA[[S]ReportLog >> test.Test_NavData_ENG > 'DEVICE' Menu: Licenses]]>
            </line>
            <line>
              <![CDATA[[S]ReportLog >> test.Test_NavData_ENG > 'DEVICE' Menu: Administration]]>
            </line>
            <line>
              <![CDATA[[S]ReportLog >> test.Test_NavData_ENG > 'DEVICE' Menu: Time]]>
            </line>
            <line>
              <![CDATA[[S]ReportLog >> test.Test_NavData_ENG > 'DEVICE' Menu: Certificates]]>
            </line>
            <line>
              <![CDATA[[S]ReportLog >> test.Test_NavData_ENG > 'DEVICE' Menu: SNMP]]>
            </line>
            <line>
              <![CDATA[[S]ReportLog >> test.Test_NavData_ENG > 'DEVICE' Menu: Firmware and Settings]]>
            </line>
            <line>
              <![CDATA[[S]ReportLog >> test.Test_NavData_ENG > 'DEVICE' Menu: Storage]]>
            </line>
            <line>
              <![CDATA[[S]ReportLog >> test.Test_NavData_ENG > 'DEVICE' Menu: Restart]]>
            </line>
            <line>
              <![CDATA[[S]ReportLog >> test.Test_NavData_ENG > 'DEVICE' Menu: High Availability]]>
            </line>
            <line>
              <![CDATA[[S]ReportLog >> test.Test_NavData_ENG > 'DEVICE' Menu: Status]]>
            </line>
            <line>
              <![CDATA[[S]ReportLog >> test.Test_NavData_ENG > 'DEVICE' Menu: Settings]]>
            </line>
            <line>
              <![CDATA[[S]ReportLog >> test.Test_NavData_ENG > 'DEVICE' Menu: Advanced]]>
            </line>
            <line>
              <![CDATA[[S]ReportLog >> test.Test_NavData_ENG > 'DEVICE' Menu: Monitoring]]>
            </line>
            <line>
              <![CDATA[[S]ReportLog >> test.Test_NavData_ENG > 'DEVICE' Menu: Users]]>
            </line>
            <line>
              <![CDATA[[S]ReportLog >> test.Test_NavData_ENG > 'DEVICE' Menu: Status]]>
            </line>
            <line>
              <![CDATA[[S]ReportLog >> test.Test_NavData_ENG > 'DEVICE' Menu: Settings]]>
            </line>
            <line>
              <![CDATA[[S]ReportLog >> test.Test_NavData_ENG > 'DEVICE' Menu: Partitions]]>
            </line>
            <line>
              <![CDATA[[S]ReportLog >> test.Test_NavData_ENG > 'DEVICE' Menu: Local Users & Groups]]>
            </line>
            <line>
              <![CDATA[[S]ReportLog >> test.Test_NavData_ENG > 'DEVICE' Menu: Guest Services]]>
            </line>
            <line>
              <![CDATA[[S]ReportLog >> test.Test_NavData_ENG > 'DEVICE' Menu: Guest Accounts]]>
            </line>
            <line>
              <![CDATA[[S]ReportLog >> test.Test_NavData_ENG > 'DEVICE' Menu: Guest Status]]>
            </line>
            <line>
              <![CDATA[[S]ReportLog >> test.Test_NavData_ENG > 'DEVICE' Menu: AppFlow]]>
            </line>
            <line>
              <![CDATA[[S]ReportLog >> test.Test_NavData_ENG > 'DEVICE' Menu: Flow Reporting]]>
            </line>
            <line>
              <![CDATA[[S]ReportLog >> test.Test_NavData_ENG > 'DEVICE' Menu: AppFlow Agent]]>
            </line>
            <line>
              <![CDATA[[S]ReportLog >> test.Test_NavData_ENG > 'DEVICE' Menu: Log]]>
            </line>
            <line>
              <![CDATA[[S]ReportLog >> test.Test_NavData_ENG > 'DEVICE' Menu: Settings]]>
            </line>
            <line>
              <![CDATA[[S]ReportLog >> test.Test_NavData_ENG > 'DEVICE' Menu: Syslog]]>
            </line>
            <line>
              <![CDATA[[S]ReportLog >> test.Test_NavData_ENG > 'DEVICE' Menu: Automation]]>
            </line>
            <line>
              <![CDATA[[S]ReportLog >> test.Test_NavData_ENG > 'DEVICE' Menu: Name Resolution]]>
            </line>
            <line>
              <![CDATA[[S]ReportLog >> test.Test_NavData_ENG > 'DEVICE' Menu: Reports]]>
            </line>
            <line>
              <![CDATA[[S]ReportLog >> test.Test_NavData_ENG > 'DEVICE' Menu: AWS]]>
            </line>
            <line>
              <![CDATA[[S]ReportLog >> test.Test_NavData_ENG > 'DEVICE' Menu: Diagnostics]]>
            </line>
            <line>
              <![CDATA[[S]ReportLog >> test.Test_NavData_ENG > 'DEVICE' Menu: Tech Support Report]]>
            </line>
            <line>
              <![CDATA[[S]ReportLog >> test.Test_NavData_ENG > 'DEVICE' Menu: Check Network Settings]]>
            </line>
            <line>
              <![CDATA[[S]ReportLog >> test.Test_NavData_ENG > 'DEVICE' Menu: DNS Name Lookup]]>
            </line>
            <line>
              <![CDATA[[S]ReportLog >> test.Test_NavData_ENG > 'DEVICE' Menu: Network Path]]>
            </line>
            <line>
              <![CDATA[[S]ReportLog >> test.Test_NavData_ENG > 'DEVICE' Menu: Ping]]>
            </line>
            <line>
              <![CDATA[[S]ReportLog >> test.Test_NavData_ENG > 'DEVICE' Menu: Trace Route]]>
            </line>
            <line>
              <![CDATA[[S]ReportLog >> test.Test_NavData_ENG > 'DEVICE' Menu: Real-Time Blacklist]]>
            </line>
            <line>
              <![CDATA[[S]ReportLog >> test.Test_NavData_ENG > 'DEVICE' Menu: Reverse Name Lookup]]>
            </line>
            <line>
              <![CDATA[[S]ReportLog >> test.Test_NavData_ENG > 'DEVICE' Menu: Connection TopX]]>
            </line>
            <line>
              <![CDATA[[S]ReportLog >> test.Test_NavData_ENG > 'DEVICE' Menu: Geo and Botnet]]>
            </line>
            <line>
              <![CDATA[[S]ReportLog >> test.Test_NavData_ENG > 'DEVICE' Menu: MX and Banner]]>
            </line>
            <line>
              <![CDATA[[S]ReportLog >> test.Test_NavData_ENG > 'DEVICE' Menu: GRID Check]]>
            </line>
            <line>
              <![CDATA[[S]ReportLog >> test.Test_NavData_ENG > 'DEVICE' Menu: URL Rating Request]]>
            </line>
            <line>
              <![CDATA[[S]ReportLog >> test.Test_NavData_ENG > 'DEVICE' Menu: PMTU Discovery]]>
            </line>
            <line>
              <![CDATA[[S]ReportLog >> test.Test_NavData_ENG > 'DEVICE' Menu: Switch Diagnostics]]>
            </line>
            <line>
              <![CDATA[[S]ReportLog >> test.Test_NavData_ENG > 'DEVICE' Menu: Switch Network]]>
            </line>
            <line>
              <![CDATA[[S]ReportLog >> test.Test_NavData_ENG > 'DEVICE' Menu: Overview]]>
            </line>
            <line>
              <![CDATA[[S]ReportLog >> test.Test_NavData_ENG > 'DEVICE' Menu: Switches]]>
            </line>
            <line>
              <![CDATA[[S]ReportLog >> test.Test_NavData_ENG > 'DEVICE' Menu: Access Points]]>
            </line>
            <line>
              <![CDATA[[S]ReportLog >> test.Test_NavData_ENG > 'DEVICE' Menu: Settings]]>
            </line>
            <line>
              <![CDATA[[S]ReportLog >> test.Test_NavData_ENG > 'DEVICE' Menu: Firmware Management]]>
            </line>
            <line>
              <![CDATA[[S]ReportLog >> test.Test_NavData_ENG > 'DEVICE' Menu: Floor Plan View]]>
            </line>
            <line>
              <![CDATA[[S]ReportLog >> test.Test_NavData_ENG > 'DEVICE' Menu: Station Status]]>
            </line>
            <line>
              <![CDATA[[S]ReportLog >> test.Test_NavData_ENG > 'DEVICE' Menu: IDS]]>
            </line>
            <line>
              <![CDATA[[S]ReportLog >> test.Test_NavData_ENG > 'DEVICE' Menu: Advanced IDP]]>
            </line>
            <line>
              <![CDATA[[S]ReportLog >> test.Test_NavData_ENG > 'DEVICE' Menu: Packet Capture]]>
            </line>
            <line>
              <![CDATA[[S]ReportLog >> test.Test_NavData_ENG > 'DEVICE' Menu: Virtual Access Point]]>
            </line>
            <line>
              <![CDATA[[S]ReportLog >> test.Test_NavData_ENG > 'DEVICE' Menu: RF Monitoring]]>
            </line>
            <line>
              <![CDATA[[S]ReportLog >> test.Test_NavData_ENG > 'DEVICE' Menu: RF Analysis]]>
            </line>
            <line>
              <![CDATA[[S]ReportLog >> test.Test_NavData_ENG > 'DEVICE' Menu: RF Spectrum]]>
            </line>
            <line>
              <![CDATA[[S]ReportLog >> test.Test_NavData_ENG > 'DEVICE' Menu: FairNet]]>
            </line>
            <line>
              <![CDATA[[S]ReportLog >> test.Test_NavData_ENG > 'DEVICE' Menu: Wi-Fi Multimedia]]>
            </line>
            <line>
              <![CDATA[[S]ReportLog >> test.Test_NavData_ENG > 'DEVICE' Menu: 3G/4G/LTE WWAN]]>
            </line>
            <line>
              <![CDATA[[S]ReportLog >> test.Test_NavData_ENG > 'DEVICE' Menu: Bluetooth LE]]>
            </line>
            <line>
              <![CDATA[[S]ReportLog >> test.Test_NavData_ENG > 'DEVICE' Menu: Radio Management]]>
            </line>
            <line>
              <![CDATA[[S]ReportLog >> test.Test_NavData_ENG > 'DEVICE' Menu: WWAN]]>
            </line>
            <line>
              <![CDATA[[S]ReportLog >> test.Test_NavData_ENG > ========================================================================]]>
            </line>
            <line>
              <![CDATA[[S]ReportLog >> test.Test_NavData_ENG > 'DEVICE' Menu: Settings >> Settings (TOP)]]>
            </line>
            <line>
              <![CDATA[[S]ReportLog >> test.Test_NavData_ENG > ========================================================================]]>
            </line>
            <line>
              <![CDATA[[S]ReportLog >> test.Test_NavData_ENG > ALL MENU: 69]]>
            </line>
            <line>
              <![CDATA[[S]ReportLog >> test.Test_NavData_ENG > Data updated for [ENG]!]]>
            </line>
            <line>
              <![CDATA[[S]ReportLog >> test.Test_NavData_ENG > Top menu 'DEVICE' is done!]]>
            </line>
            <line>
              <![CDATA[[S]ReportLog >> test.Test_NavData_ENG > 'NETWORK' Menu: System]]>
            </line>
            <line>
              <![CDATA[[S]ReportLog >> test.Test_NavData_ENG > 'NETWORK' Menu: Interfaces]]>
            </line>
            <line>
              <![CDATA[[S]ReportLog >> test.Test_NavData_ENG > 'NETWORK' Menu: Failover & LB]]>
            </line>
            <line>
              <![CDATA[[S]ReportLog >> test.Test_NavData_ENG > 'NETWORK' Menu: Neighbor Discovery]]>
            </line>
            <line>
              <![CDATA[[S]ReportLog >> test.Test_NavData_ENG > 'NETWORK' Menu: ARP]]>
            </line>
            <line>
              <![CDATA[[S]ReportLog >> test.Test_NavData_ENG > 'NETWORK' Menu: MAC IP Anti-Spoof]]>
            </line>
            <line>
              <![CDATA[[S]ReportLog >> test.Test_NavData_ENG > 'NETWORK' Menu: Web Proxy]]>
            </line>
            <line>
              <![CDATA[[S]ReportLog >> test.Test_NavData_ENG > 'NETWORK' Menu: PortShield Groups]]>
            </line>
            <line>
              <![CDATA[[S]ReportLog >> test.Test_NavData_ENG > 'NETWORK' Menu: VLAN Translation]]>
            </line>
            <line>
              <![CDATA[[S]ReportLog >> test.Test_NavData_ENG > 'NETWORK' Menu: IP Helper]]>
            </line>
            <line>
              <![CDATA[[S]ReportLog >> test.Test_NavData_ENG > 'NETWORK' Menu: Dynamic Routing]]>
            </line>
            <line>
              <![CDATA[[S]ReportLog >> test.Test_NavData_ENG > 'NETWORK' Menu: DHCP Server]]>
            </line>
            <line>
              <![CDATA[[S]ReportLog >> test.Test_NavData_ENG > 'NETWORK' Menu: Multicast]]>
            </line>
            <line>
              <![CDATA[[S]ReportLog >> test.Test_NavData_ENG > 'NETWORK' Menu: Network Monitor]]>
            </line>
            <line>
              <![CDATA[[S]ReportLog >> test.Test_NavData_ENG > 'NETWORK' Menu: AWS Configuration]]>
            </line>
            <line>
              <![CDATA[[S]ReportLog >> test.Test_NavData_ENG > 'NETWORK' Menu: Firewall]]>
            </line>
            <line>
              <![CDATA[[S]ReportLog >> test.Test_NavData_ENG > 'NETWORK' Menu: Advanced]]>
            </line>
            <line>
              <![CDATA[[S]ReportLog >> test.Test_NavData_ENG > 'NETWORK' Menu: Flood Protection]]>
            </line>
            <line>
              <![CDATA[[S]ReportLog >> test.Test_NavData_ENG > 'NETWORK' Menu: SSL Control]]>
            </line>
            <line>
              <![CDATA[[S]ReportLog >> test.Test_NavData_ENG > 'NETWORK' Menu: Cipher Control]]>
            </line>
            <line>
              <![CDATA[[S]ReportLog >> test.Test_NavData_ENG > 'NETWORK' Menu: RBL Filter]]>
            </line>
            <line>
              <![CDATA[[S]ReportLog >> test.Test_NavData_ENG > 'NETWORK' Menu: VoIP]]>
[...]
            </line>
            <line>
              <![CDATA[[S]ReportLog >> test.Test_NavData_ZHT > 'NETWORK' Menu: DNS 代理 >> DNS Proxy]]>
            </line>
            <line>
              <![CDATA[[S]ReportLog >> test.Test_NavData_ZHT > 'NETWORK' Menu: DNS 安全性 >> DNS Security]]>
            </line>
            <line>
              <![CDATA[[S]ReportLog >> test.Test_NavData_ZHT > 'NETWORK' Menu: 切換中 >> Switching]]>
            </line>
            <line>
              <![CDATA[[S]ReportLog >> test.Test_NavData_ZHT > 'NETWORK' Menu: VLAN 主幹 >> VLAN Trunking]]>
            </line>
            <line>
              <![CDATA[[S]ReportLog >> test.Test_NavData_ZHT > 'NETWORK' Menu: L2 探索 >> L2 Discovery]]>
            </line>
            <line>
              <![CDATA[[S]ReportLog >> test.Test_NavData_ZHT > 'NETWORK' Menu: 連結彙總 >> Link Aggregation]]>
            </line>
            <line>
              <![CDATA[[S]ReportLog >> test.Test_NavData_ZHT > 'NETWORK' Menu: 連接埠鏡像 >> Port Mirroring]]>
            </line>
            <line>
              <![CDATA[[S]ReportLog >> test.Test_NavData_ZHT > 'NETWORK' Menu: SDWAN >> SDWAN]]>
            </line>
            <line>
              <![CDATA[[S]ReportLog >> test.Test_NavData_ZHT > 'NETWORK' Menu: 群組 >> Groups]]>
            </line>
            <line>
              <![CDATA[[S]ReportLog >> test.Test_NavData_ZHT > 'NETWORK' Menu: SLA 探查 >> SLA Probes]]>
            </line>
            <line>
              <![CDATA[[S]ReportLog >> test.Test_NavData_ZHT > 'NETWORK' Menu: SLA 類別物件 >> SLA Class Objects]]>
            </line>
            <line>
              <![CDATA[[S]ReportLog >> test.Test_NavData_ZHT > 'NETWORK' Menu: 路徑選取設定檔 >> Path Selection Profiles]]>
            </line>
            <line>
              <![CDATA[[S]ReportLog >> test.Test_NavData_ZHT > 'NETWORK' Menu: 規則 >> Rules]]>
            </line>
            <line>
              <![CDATA[[S]ReportLog >> test.Test_NavData_ZHT > 'NETWORK' Menu: IPsec VPN >> IPSec VPN]]>
            </line>
            <line>
              <![CDATA[[S]ReportLog >> test.Test_NavData_ZHT > 'NETWORK' Menu: 規則與設定 >> Rules and Settings]]>
            </line>
            <line>
              <![CDATA[[S]ReportLog >> test.Test_NavData_ZHT > 'NETWORK' Menu: 進階 >> Advanced]]>
            </line>
            <line>
              <![CDATA[[S]ReportLog >> test.Test_NavData_ZHT > 'NETWORK' Menu: 透過 VPN 的 DHCP >> DHCP over VPN]]>
            </line>
            <line>
              <![CDATA[[S]ReportLog >> test.Test_NavData_ZHT > 'NETWORK' Menu: L2TP 伺服器 >> L2TP Server]]>
            </line>
            <line>
              <![CDATA[[S]ReportLog >> test.Test_NavData_ZHT > 'NETWORK' Menu: AWS VPN >> AWS VPN]]>
            </line>
            <line>
              <![CDATA[[S]ReportLog >> test.Test_NavData_ZHT > 'NETWORK' Menu: SSL VPN >> SSL VPN]]>
            </line>
            <line>
              <![CDATA[[S]ReportLog >> test.Test_NavData_ZHT > 'NETWORK' Menu: 狀態 >> Status]]>
            </line>
            <line>
              <![CDATA[[S]ReportLog >> test.Test_NavData_ZHT > 'NETWORK' Menu: 伺服器設定 >> Server Settings]]>
            </line>
            <line>
              <![CDATA[[S]ReportLog >> test.Test_NavData_ZHT > 'NETWORK' Menu: 用戶端設定 >> Client Settings]]>
            </line>
            <line>
              <![CDATA[[S]ReportLog >> test.Test_NavData_ZHT > 'NETWORK' Menu: 入口網站設定 >> Portal Settings]]>
            </line>
            <line>
              <![CDATA[[S]ReportLog >> test.Test_NavData_ZHT > 'NETWORK' Menu: 虛擬辦公室 >> Virtual Office]]>
            </line>
            <line>
              <![CDATA[[S]ReportLog >> test.Test_NavData_ZHT > ========================================================================]]>
            </line>
            <line>
              <![CDATA[[S]ReportLog >> test.Test_NavData_ZHT > 'NETWORK' Menu: No duplicated data to the TOP]]>
            </line>
            <line>
              <![CDATA[[S]ReportLog >> test.Test_NavData_ZHT > ========================================================================]]>
            </line>
            <line>
              <![CDATA[[S]ReportLog >> test.Test_NavData_ZHT > ALL MENU: 52]]>
            </line>
            <line>
              <![CDATA[[S]ReportLog >> test.Test_NavData_ZHT > Data updated for [ZHT]!]]>
            </line>
            <line>
              <![CDATA[[S]ReportLog >> test.Test_NavData_ZHT > Top menu 'NETWORK' is done!]]>
            </line>
            <line>
              <![CDATA[[S]ReportLog >> test.Test_NavData_ZHT > 'OBJECT' Menu: 比對物件 >> Match Objects]]>
            </line>
            <line>
              <![CDATA[[S]ReportLog >> test.Test_NavData_ZHT > 'OBJECT' Menu: 區域 >> Zones]]>
            </line>
            <line>
              <![CDATA[[S]ReportLog >> test.Test_NavData_ZHT > 'OBJECT' Menu: 位址 >> Addresses]]>
            </line>
            <line>
              <![CDATA[[S]ReportLog >> test.Test_NavData_ZHT > 'OBJECT' Menu: 服務 >> Services]]>
            </line>
            <line>
              <![CDATA[[S]ReportLog >> test.Test_NavData_ZHT > 'OBJECT' Menu: URI 清單 >> URI Lists]]>
            </line>
            <line>
              <![CDATA[[S]ReportLog >> test.Test_NavData_ZHT > 'OBJECT' Menu: 比對物件 >> Match Objects]]>
            </line>
            <line>
              <![CDATA[[S]ReportLog >> test.Test_NavData_ZHT > 'OBJECT' Menu: 排程 >> Schedules]]>
            </line>
            <line>
              <![CDATA[[S]ReportLog >> test.Test_NavData_ZHT > 'OBJECT' Menu: 動態群組 >> Dynamic Group]]>
            </line>
            <line>
              <![CDATA[[S]ReportLog >> test.Test_NavData_ZHT > 'OBJECT' Menu: 電子郵件地址 >> Email Addresses]]>
            </line>
            <line>
              <![CDATA[[S]ReportLog >> test.Test_NavData_ZHT > 'OBJECT' Menu: 設定檔物件 >> Profile Objects]]>
            </line>
            <line>
              <![CDATA[[S]ReportLog >> test.Test_NavData_ZHT > 'OBJECT' Menu: 端點安全性 >> Endpoint Security]]>
            </line>
            <line>
              <![CDATA[[S]ReportLog >> test.Test_NavData_ZHT > 'OBJECT' Menu: 頻寬 >> Bandwidth]]>
            </line>
            <line>
              <![CDATA[[S]ReportLog >> test.Test_NavData_ZHT > 'OBJECT' Menu: 服務品質 (QoS) 標記 >> QoS Marking]]>
            </line>
            <line>
              <![CDATA[[S]ReportLog >> test.Test_NavData_ZHT > 'OBJECT' Menu: 內容篩選 >> Content Filter]]>
            </line>
            <line>
              <![CDATA[[S]ReportLog >> test.Test_NavData_ZHT > 'OBJECT' Menu: DHCP 選項 >> DHCP Option]]>
            </line>
            <line>
              <![CDATA[[S]ReportLog >> test.Test_NavData_ZHT > 'OBJECT' Menu: AWS >> AWS]]>
            </line>
            <line>
              <![CDATA[[S]ReportLog >> test.Test_NavData_ZHT > 'OBJECT' Menu: 動作物件 >> Action Objects]]>
            </line>
            <line>
              <![CDATA[[S]ReportLog >> test.Test_NavData_ZHT > 'OBJECT' Menu: 應用程式規則執行 >> App Rule Actions]]>
            </line>
            <line>
              <![CDATA[[S]ReportLog >> test.Test_NavData_ZHT > 'OBJECT' Menu: 內容篩選器執行 >> Content Filter Actions]]>
            </line>
            <line>
              <![CDATA[[S]ReportLog >> test.Test_NavData_ZHT > ========================================================================]]>
            </line>
            <line>
              <![CDATA[[S]ReportLog >> test.Test_NavData_ZHT > 'OBJECT' Menu: Match Objects >> Match Objects (TOP)]]>
            </line>
            <line>
              <![CDATA[[S]ReportLog >> test.Test_NavData_ZHT > ========================================================================]]>
            </line>
            <line>
              <![CDATA[[S]ReportLog >> test.Test_NavData_ZHT > ALL MENU: 19]]>
            </line>
            <line>
              <![CDATA[[S]ReportLog >> test.Test_NavData_ZHT > Data updated for [ZHT]!]]>
            </line>
            <line>
              <![CDATA[[S]ReportLog >> test.Test_NavData_ZHT > Top menu 'OBJECT' is done!]]>
            </line>
            <line>
              <![CDATA[[S]ReportLog >> test.Test_NavData_ZHT > 'POLICY' Menu: 規則與原則 >> Rules and Policies]]>
            </line>
            <line>
              <![CDATA[[S]ReportLog >> test.Test_NavData_ZHT > 'POLICY' Menu: 存取規則 >> Access Rules]]>
            </line>
            <line>
              <![CDATA[[S]ReportLog >> test.Test_NavData_ZHT > 'POLICY' Menu: NAT 規則 >> NAT Rules]]>
            </line>
            <line>
              <![CDATA[[S]ReportLog >> test.Test_NavData_ZHT > 'POLICY' Menu: 路由規則 >> Routing Rules]]>
            </line>
            <line>
              <![CDATA[[S]ReportLog >> test.Test_NavData_ZHT > 'POLICY' Menu: 內容篩選規則 >> Content Filter Rules]]>
            </line>
            <line>
              <![CDATA[[S]ReportLog >> test.Test_NavData_ZHT > 'POLICY' Menu: 應用程式規則 >> App Rules]]>
            </line>
            <line>
              <![CDATA[[S]ReportLog >> test.Test_NavData_ZHT > 'POLICY' Menu: 端點規則 >> Endpoint Rules]]>
            </line>
            <line>
              <![CDATA[[S]ReportLog >> test.Test_NavData_ZHT > 'POLICY' Menu: DPI-SSL >> DPI-SSL]]>
            </line>
            <line>
              <![CDATA[[S]ReportLog >> test.Test_NavData_ZHT > 'POLICY' Menu: 用戶端 SSL >> Client SSL]]>
            </line>
            <line>
              <![CDATA[[S]ReportLog >> test.Test_NavData_ZHT > 'POLICY' Menu: 伺服器 SSL >> Server SSL]]>
            </line>
            <line>
              <![CDATA[[S]ReportLog >> test.Test_NavData_ZHT > 'POLICY' Menu: DPI-SSH >> DPI-SSH]]>
            </line>
            <line>
              <![CDATA[[S]ReportLog >> test.Test_NavData_ZHT > 'POLICY' Menu: 設定 >> Settings]]>
            </line>
            <line>
              <![CDATA[[S]ReportLog >> test.Test_NavData_ZHT > 'POLICY' Menu: 安全性服務 >> Security Services]]>
            </line>
            <line>
              <![CDATA[[S]ReportLog >> test.Test_NavData_ZHT > 'POLICY' Menu: 摘要 >> Summary]]>
            </line>
            <line>
              <![CDATA[[S]ReportLog >> test.Test_NavData_ZHT > 'POLICY' Menu: 閘道防病毒 >> Gateway Anti-Virus]]>
            </line>
            <line>
              <![CDATA[[S]ReportLog >> test.Test_NavData_ZHT > 'POLICY' Menu: 防間諜軟體 >> Anti-Spyware]]>
            </line>
            <line>
              <![CDATA[[S]ReportLog >> test.Test_NavData_ZHT > 'POLICY' Menu: 入侵防護 >> Intrusion Prevention]]>
            </line>
            <line>
              <![CDATA[[S]ReportLog >> test.Test_NavData_ZHT > 'POLICY' Menu: Geo-IP 篩選條件 >> Geo-IP Filter]]>
            </line>
            <line>
              <![CDATA[[S]ReportLog >> test.Test_NavData_ZHT > 'POLICY' Menu: Botnet 篩選器 >> Botnet Filter]]>
            </line>
            <line>
              <![CDATA[[S]ReportLog >> test.Test_NavData_ZHT > 'POLICY' Menu: 應用程式控制 >> App Control]]>
            </line>
            <line>
              <![CDATA[[S]ReportLog >> test.Test_NavData_ZHT > 'POLICY' Menu: 內容篩選 >> Content Filter]]>
            </line>
            <line>
              <![CDATA[[S]ReportLog >> test.Test_NavData_ZHT > 'POLICY' Menu: 反垃圾郵件 >> Anti-Spam]]>
            </line>
            <line>
              <![CDATA[[S]ReportLog >> test.Test_NavData_ZHT > 'POLICY' Menu: 狀態 >> Status]]>
            </line>
            <line>
              <![CDATA[[S]ReportLog >> test.Test_NavData_ZHT > 'POLICY' Menu: 設定 >> Settings]]>
            </line>
            <line>
              <![CDATA[[S]ReportLog >> test.Test_NavData_ZHT > 'POLICY' Menu: 轉送網域 >> Relay Domains]]>
            </line>
            <line>
              <![CDATA[[S]ReportLog >> test.Test_NavData_ZHT > 'POLICY' Menu: 垃圾郵件箱訊息 >> Junk Box Messages]]>
            </line>
            <line>
              <![CDATA[[S]ReportLog >> test.Test_NavData_ZHT > 'POLICY' Menu: 垃圾儲存區設定 >> Junk Box Settings]]>
            </line>
            <line>
              <![CDATA[[S]ReportLog >> test.Test_NavData_ZHT > 'POLICY' Menu: 垃圾儲存區摘要 >> Junk Box Summary]]>
            </line>
            <line>
              <![CDATA[[S]ReportLog >> test.Test_NavData_ZHT > 'POLICY' Menu: 使用者檢視設定 >> User View Setup]]>
            </line>
            <line>
              <![CDATA[[S]ReportLog >> test.Test_NavData_ZHT > 'POLICY' Menu: 通訊錄 >> Address Books]]>
            </line>
            <line>
              <![CDATA[[S]ReportLog >> test.Test_NavData_ZHT > 'POLICY' Menu: 管理使用者 >> Manage Users]]>
            </line>
            <line>
              <![CDATA[[S]ReportLog >> test.Test_NavData_ZHT > 'POLICY' Menu: LDAP 設定 >> LDAP Configuration]]>
            </line>
            <line>
              <![CDATA[[S]ReportLog >> test.Test_NavData_ZHT > 'POLICY' Menu: 進階 >> Advanced]]>
            </line>
            <line>
              <![CDATA[[S]ReportLog >> test.Test_NavData_ZHT > 'POLICY' Menu: 下載 >> Downloads]]>
            </line>
            <line>
              <![CDATA[[S]ReportLog >> test.Test_NavData_ZHT > 'POLICY' Menu: 擷取 ATP >> Capture ATP]]>
            </line>
            <line>
              <![CDATA[[S]ReportLog >> test.Test_NavData_ZHT > 'POLICY' Menu: 設定 >> Settings]]>
            </line>
            <line>
              <![CDATA[[S]ReportLog >> test.Test_NavData_ZHT > 'POLICY' Menu: 掃描歷程記錄 >> Scanning History]]>
            </line>
            <line>
              <![CDATA[[S]ReportLog >> test.Test_NavData_ZHT > 'POLICY' Menu: 端點安全性 >> Endpoint Security]]>
            </line>
            <line>
              <![CDATA[[S]ReportLog >> test.Test_NavData_ZHT > ========================================================================]]>
            </line>
            <line>
              <![CDATA[[S]ReportLog >> test.Test_NavData_ZHT > 'POLICY' Menu: No duplicated data to the TOP]]>
            </line>
            <line>
              <![CDATA[[S]ReportLog >> test.Test_NavData_ZHT > ========================================================================]]>
            </line>
            <line>
              <![CDATA[[S]ReportLog >> test.Test_NavData_ZHT > ALL MENU: 38]]>
            </line>
            <line>
              <![CDATA[[S]ReportLog >> test.Test_NavData_ZHT > Data updated for [ZHT]!]]>
            </line>
            <line>
              <![CDATA[[S]ReportLog >> test.Test_NavData_ZHT > Top menu 'POLICY' is done!]]>
            </line>
            <line>
              <![CDATA[[S]ReportLog >> test.Test_NavData_ZHT > Info created for [ZHT]!]]>
            </line>
            <line>
              <![CDATA[[S]ReportLog >> test.Test_NavData_ZHT > Info updated for [ZHT]!]]>
            </line>
          </reporter-output>
        </test-method> <!-- test_Step02_MenuTop_ZHT -->
        <test-method is-config="true" signature="afterMethod(org.testng.ITestResult)[pri:0, instance:test.Test_NavData_ZHT@4ef37659]" started-at="2022-09-23T16:26:28 CST" name="afterMethod" finished-at="2022-09-23T16:26:28 CST" duration-ms="255" status="PASS">
          <params>
            <param index="0">
              <value>
                <![CDATA[[TestResult name=test_Step02_MenuTop_ZHT status=SUCCESS method=Test_NavData_ZHT.test_Step02_MenuTop_ZHT()[pri:0, instance:test.Test_NavData_ZHT@4ef37659] output=[S]ReportLog >> test.Test_NavData_ZHT > Switch to 'Non-Config' mode...]]]>
              </value>
            </param>
          </params>
          <reporter-output>
            <line>
              <![CDATA[[S]ReportLog >> test_Step02_MenuTop_ZHT > [Pass]Take screenshot...]]>
            </line>
          </reporter-output>
        </test-method> <!-- afterMethod -->
        <test-method is-config="true" signature="afterClass()[pri:0, instance:test.Test_NavData_ZHT@4ef37659]" started-at="2022-09-23T16:26:28 CST" name="afterClass" finished-at="2022-09-23T16:26:31 CST" duration-ms="3279" status="PASS">
          <reporter-output>
          </reporter-output>
        </test-method> <!-- afterClass -->
      </class> <!-- test.Test_NavData_ZHT -->
    </test> <!-- Menu Test ENG/JPN/ZHT -->
    <test started-at="2022-09-23T16:26:52 CST" name="Menu Compare JE/ZE" finished-at="2022-09-23T16:26:52 CST" duration-ms="32">
      <class name="test.Test_vsDATA_ZE">
        <test-method signature="test_dataCompare()[pri:0, instance:test.Test_vsDATA_ZE@1f2f9244]" started-at="2022-09-23T16:26:52 CST" name="test_dataCompare" finished-at="2022-09-23T16:26:52 CST" duration-ms="31" status="PASS">
          <reporter-output>
            <line>
              <![CDATA[[S]ReportLog >> Box_ZHT > Got data!]]>
            </line>
            <line>
              <![CDATA[[S]ReportLog >> box_ENG > Got data!]]>
            </line>
            <line>
              <![CDATA[[S]ReportLog >> test_dataCompare > Ready to start...]]>
            </line>
            <line>
              <![CDATA[[S]ReportLog >> test_dataCompare > --------------------------------------------------------------------]]>
            </line>
            <line>
              <![CDATA[[S]ReportLog >> test_dataCompare > [ZHT] info: Device Name -----> NSa 5700]]>
            </line>
            <line>
              <![CDATA[[S]ReportLog >> test_dataCompare > [ZHT] info: Serial Number ---> 2CB8EDA2B70F]]>
            </line>
            <line>
              <![CDATA[[S]ReportLog >> test_dataCompare > [ZHT] info: Firmware Version > SonicOS 7.0.1-5080-D3249-zht5159]]>
            </line>
            <line>
              <![CDATA[[S]ReportLog >> test_dataCompare > --------------------------------------------------------------------]]>
            </line>
            <line>
              <![CDATA[[S]ReportLog >> test_dataCompare > [ENG] info: Device Name -----> NSA 2700]]>
            </line>
            <line>
              <![CDATA[[S]ReportLog >> test_dataCompare > [ENG] info: Serial Number ---> 2CB8ED8279E0]]>
            </line>
            <line>
              <![CDATA[[S]ReportLog >> test_dataCompare > [ENG] info: Firmware Version > SonicOS 7.0.1-5080-P3250]]>
            </line>
            <line>
              <![CDATA[[S]ReportLog >> test_dataCompare > --------------------------------------------------------------------]]>
            </line>
            <line>
              <![CDATA[[S]ReportLog >> missing_page > [ENG] version missing: POLICY > Anti-Spam > Relay Domains]]>
            </line>
            <line>
              <![CDATA[[S]ReportLog >> missing_page > [ENG] version missing: POLICY > Anti-Spam > Junk Box Messages]]>
            </line>
            <line>
              <![CDATA[[S]ReportLog >> missing_page > [ENG] version missing: POLICY > Anti-Spam > Junk Box Settings]]>
            </line>
            <line>
              <![CDATA[[S]ReportLog >> missing_page > [ENG] version missing: POLICY > Anti-Spam > Junk Box Summary]]>
            </line>
            <line>
              <![CDATA[[S]ReportLog >> missing_page > [ENG] version missing: POLICY > Anti-Spam > User View Setup]]>
            </line>
            <line>
              <![CDATA[[S]ReportLog >> missing_page > [ENG] version missing: POLICY > Anti-Spam > Address Books]]>
            </line>
            <line>
              <![CDATA[[S]ReportLog >> missing_page > [ENG] version missing: POLICY > Anti-Spam > Manage Users]]>
            </line>
            <line>
              <![CDATA[[S]ReportLog >> missing_page > [ENG] version missing: POLICY > Anti-Spam > LDAP Configuration]]>
            </line>
            <line>
              <![CDATA[[S]ReportLog >> missing_page > [ENG] version missing: POLICY > Anti-Spam > Advanced]]>
            </line>
            <line>
              <![CDATA[[S]ReportLog >> missing_page > [ENG] version missing: POLICY > Anti-Spam > Downloads]]>
            </line>
          </reporter-output>
        </test-method> <!-- test_dataCompare -->
      </class> <!-- test.Test_vsDATA_ZE -->
    </test> <!-- Menu Compare JE/ZE -->
  </suite> <!-- SonicWall TestSuite -->
</testng-results>
