<?xml version="1.0" encoding="UTF-8"?>
<testng-results ignored="0" total="1" passed="1" failed="0" skipped="0">
  <reporter-output>
  </reporter-output>
  <suite started-at="2022-09-06T09:42:15 CST" name="SonicWall TestSuite" finished-at="2022-09-06T09:42:15 CST" duration-ms="71">
    <groups>
    </groups>
    <test started-at="2022-09-06T09:42:15 CST" name="Menu Compare JPN/ENG" finished-at="2022-09-06T09:42:15 CST" duration-ms="71">
      <class name="main.Func_Delete">
        <test-method signature="test_delete_file()[pri:0, instance:main.Func_Delete@59af0466]" started-at="2022-09-06T09:42:15 CST" name="test_delete_file" finished-at="2022-09-06T09:42:15 CST" duration-ms="32" status="PASS">
          <reporter-output>
          </reporter-output>
        </test-method> <!-- test_delete_file -->
      </class> <!-- main.Func_Delete -->
    </test> <!-- Menu Compare JPN/ENG -->
  </suite> <!-- SonicWall TestSuite -->
</testng-results>
