<?xml version="1.0" encoding="UTF-8"?>
<!-- Generated by org.testng.reporters.JUnitReportReporter -->
<testsuite hostname="g3771j3-khuang" failures="0" tests="2" name="test.Test_NavData_ENG" time="50.665" errors="0" timestamp="2022-10-14T14:58:58 CST" skipped="0">
  <testcase classname="test.Test_NavData_ENG" name="test_Step02_MenuTop_ENG" time="34.289"/>
  <system-out>
    <![CDATA[[S]ReportLog >> test.Test_NavData_ENG > Switch to 'Non-Config' mode...
[S]ReportLog >> test.Test_NavData_ENG > Data created for [ENG]!
[S]ReportLog >> test.Test_NavData_ENG > 'HOME' Menu: Dashboard
[S]ReportLog >> test.Test_NavData_ENG > 'HOME' Menu: System
[S]ReportLog >> test.Test_NavData_ENG > 'HOME' Menu: Access Points
[S]ReportLog >> test.Test_NavData_ENG > 'HOME' Menu: Topology
[S]ReportLog >> test.Test_NavData_ENG > 'HOME' Menu: Legal Information
[S]ReportLog >> test.Test_NavData_ENG > 'HOME' Menu: API
[S]ReportLog >> test.Test_NavData_ENG > ========================================================================
[S]ReportLog >> test.Test_NavData_ENG > 'HOME' Menu: No duplicated data to the TOP
[S]ReportLog >> test.Test_NavData_ENG > ========================================================================
[S]ReportLog >> test.Test_NavData_ENG > ALL MENU: 6
[S]ReportLog >> test.Test_NavData_ENG > Data updated for [ENG]!
[S]ReportLog >> test.Test_NavData_ENG > Top menu 'HOME' is done!
[S]ReportLog >> test.Test_NavData_ENG > 'MONITOR' Menu: Real-Time Charts
[S]ReportLog >> test.Test_NavData_ENG > 'MONITOR' Menu: System Monitor
[S]ReportLog >> test.Test_NavData_ENG > 'MONITOR' Menu: Protocol Monitor
[S]ReportLog >> test.Test_NavData_ENG > 'MONITOR' Menu: User Monitor
[S]ReportLog >> test.Test_NavData_ENG > 'MONITOR' Menu: BWM Monitor
[S]ReportLog >> test.Test_NavData_ENG > 'MONITOR' Menu: AppFlow
[S]ReportLog >> test.Test_NavData_ENG > 'MONITOR' Menu: AppFlow Report
[S]ReportLog >> test.Test_NavData_ENG > 'MONITOR' Menu: AppFlow Monitor
[S]ReportLog >> test.Test_NavData_ENG > 'MONITOR' Menu: CTA Report
[S]ReportLog >> test.Test_NavData_ENG > 'MONITOR' Menu: SDWAN
[S]ReportLog >> test.Test_NavData_ENG > 'MONITOR' Menu: SDWAN Monitor
[S]ReportLog >> test.Test_NavData_ENG > 'MONITOR' Menu: SD-WAN Connections
[S]ReportLog >> test.Test_NavData_ENG > 'MONITOR' Menu: Logs
[S]ReportLog >> test.Test_NavData_ENG > 'MONITOR' Menu: System Logs
[S]ReportLog >> test.Test_NavData_ENG > 'MONITOR' Menu: Auditing Logs
[S]ReportLog >> test.Test_NavData_ENG > 'MONITOR' Menu: Tools & Monitors
[S]ReportLog >> test.Test_NavData_ENG > 'MONITOR' Menu: Packet Monitor
[S]ReportLog >> test.Test_NavData_ENG > 'MONITOR' Menu: Connections
[S]ReportLog >> test.Test_NavData_ENG > 'MONITOR' Menu: Core 0 Processes
[S]ReportLog >> test.Test_NavData_ENG > 'MONITOR' Menu: Packet Replay
[S]ReportLog >> test.Test_NavData_ENG > ========================================================================
[S]ReportLog >> test.Test_NavData_ENG > 'MONITOR' Menu: No duplicated data to the TOP
[S]ReportLog >> test.Test_NavData_ENG > ========================================================================
[S]ReportLog >> test.Test_NavData_ENG > ALL MENU: 20
[S]ReportLog >> test.Test_NavData_ENG > Data updated for [ENG]!
[S]ReportLog >> test.Test_NavData_ENG > Top menu 'MONITOR' is done!
[S]ReportLog >> test.Test_NavData_ENG > 'DEVICE' Menu: Settings
[S]ReportLog >> test.Test_NavData_ENG > 'DEVICE' Menu: Licenses
[S]ReportLog >> test.Test_NavData_ENG > 'DEVICE' Menu: Administration
[S]ReportLog >> test.Test_NavData_ENG > 'DEVICE' Menu: Time
[S]ReportLog >> test.Test_NavData_ENG > 'DEVICE' Menu: Certificates
[S]ReportLog >> test.Test_NavData_ENG > 'DEVICE' Menu: SNMP
[S]ReportLog >> test.Test_NavData_ENG > 'DEVICE' Menu: Firmware and Settings
[S]ReportLog >> test.Test_NavData_ENG > 'DEVICE' Menu: Storage
[S]ReportLog >> test.Test_NavData_ENG > 'DEVICE' Menu: Restart
[S]ReportLog >> test.Test_NavData_ENG > 'DEVICE' Menu: High Availability
[S]ReportLog >> test.Test_NavData_ENG > 'DEVICE' Menu: Status
[S]ReportLog >> test.Test_NavData_ENG > 'DEVICE' Menu: Settings
[S]ReportLog >> test.Test_NavData_ENG > 'DEVICE' Menu: Advanced
[S]ReportLog >> test.Test_NavData_ENG > 'DEVICE' Menu: Monitoring
[S]ReportLog >> test.Test_NavData_ENG > 'DEVICE' Menu: Users
[S]ReportLog >> test.Test_NavData_ENG > 'DEVICE' Menu: Status
[S]ReportLog >> test.Test_NavData_ENG > 'DEVICE' Menu: Settings
[S]ReportLog >> test.Test_NavData_ENG > 'DEVICE' Menu: Partitions
[S]ReportLog >> test.Test_NavData_ENG > 'DEVICE' Menu: Local Users & Groups
[S]ReportLog >> test.Test_NavData_ENG > 'DEVICE' Menu: Guest Services
[S]ReportLog >> test.Test_NavData_ENG > 'DEVICE' Menu: Guest Accounts
[S]ReportLog >> test.Test_NavData_ENG > 'DEVICE' Menu: Guest Status
[S]ReportLog >> test.Test_NavData_ENG > 'DEVICE' Menu: AppFlow
[S]ReportLog >> test.Test_NavData_ENG > 'DEVICE' Menu: Flow Reporting
[S]ReportLog >> test.Test_NavData_ENG > 'DEVICE' Menu: AppFlow Agent
[S]ReportLog >> test.Test_NavData_ENG > 'DEVICE' Menu: Log
[S]ReportLog >> test.Test_NavData_ENG > 'DEVICE' Menu: Settings
[S]ReportLog >> test.Test_NavData_ENG > 'DEVICE' Menu: Syslog
[S]ReportLog >> test.Test_NavData_ENG > 'DEVICE' Menu: Automation
[S]ReportLog >> test.Test_NavData_ENG > 'DEVICE' Menu: Name Resolution
[S]ReportLog >> test.Test_NavData_ENG > 'DEVICE' Menu: Reports
[S]ReportLog >> test.Test_NavData_ENG > 'DEVICE' Menu: AWS
[S]ReportLog >> test.Test_NavData_ENG > 'DEVICE' Menu: Diagnostics
[S]ReportLog >> test.Test_NavData_ENG > 'DEVICE' Menu: Tech Support Report
[S]ReportLog >> test.Test_NavData_ENG > 'DEVICE' Menu: Check Network Settings
[S]ReportLog >> test.Test_NavData_ENG > 'DEVICE' Menu: DNS Name Lookup
[S]ReportLog >> test.Test_NavData_ENG > 'DEVICE' Menu: Network Path
[S]ReportLog >> test.Test_NavData_ENG > 'DEVICE' Menu: Ping
[S]ReportLog >> test.Test_NavData_ENG > 'DEVICE' Menu: Trace Route
[S]ReportLog >> test.Test_NavData_ENG > 'DEVICE' Menu: Real-Time Blacklist
[S]ReportLog >> test.Test_NavData_ENG > 'DEVICE' Menu: Reverse Name Lookup
[S]ReportLog >> test.Test_NavData_ENG > 'DEVICE' Menu: Connection TopX
[S]ReportLog >> test.Test_NavData_ENG > 'DEVICE' Menu: Geo and Botnet
[S]ReportLog >> test.Test_NavData_ENG > 'DEVICE' Menu: MX and Banner
[S]ReportLog >> test.Test_NavData_ENG > 'DEVICE' Menu: GRID Check
[S]ReportLog >> test.Test_NavData_ENG > 'DEVICE' Menu: URL Rating Request
[S]ReportLog >> test.Test_NavData_ENG > 'DEVICE' Menu: PMTU Discovery
[S]ReportLog >> test.Test_NavData_ENG > 'DEVICE' Menu: Switch Diagnostics
[S]ReportLog >> test.Test_NavData_ENG > 'DEVICE' Menu: Switch Network
[S]ReportLog >> test.Test_NavData_ENG > 'DEVICE' Menu: Overview
[S]ReportLog >> test.Test_NavData_ENG > 'DEVICE' Menu: Switches
[S]ReportLog >> test.Test_NavData_ENG > 'DEVICE' Menu: Access Points
[S]ReportLog >> test.Test_NavData_ENG > 'DEVICE' Menu: Settings
[S]ReportLog >> test.Test_NavData_ENG > 'DEVICE' Menu: Firmware Management
[S]ReportLog >> test.Test_NavData_ENG > 'DEVICE' Menu: Floor Plan View
[S]ReportLog >> test.Test_NavData_ENG > 'DEVICE' Menu: Station Status
[S]ReportLog >> test.Test_NavData_ENG > 'DEVICE' Menu: IDS
[S]ReportLog >> test.Test_NavData_ENG > 'DEVICE' Menu: Advanced IDP
[S]ReportLog >> test.Test_NavData_ENG > 'DEVICE' Menu: Packet Capture
[S]ReportLog >> test.Test_NavData_ENG > 'DEVICE' Menu: Virtual Access Point
[S]ReportLog >> test.Test_NavData_ENG > 'DEVICE' Menu: RF Monitoring
[S]ReportLog >> test.Test_NavData_ENG > 'DEVICE' Menu: RF Analysis
[S]ReportLog >> test.Test_NavData_ENG > 'DEVICE' Menu: RF Spectrum
[S]ReportLog >> test.Test_NavData_ENG > 'DEVICE' Menu: FairNet
[S]ReportLog >> test.Test_NavData_ENG > 'DEVICE' Menu: Wi-Fi Multimedia
[S]ReportLog >> test.Test_NavData_ENG > 'DEVICE' Menu: 3G/4G/LTE WWAN
[S]ReportLog >> test.Test_NavData_ENG > 'DEVICE' Menu: Bluetooth LE
[S]ReportLog >> test.Test_NavData_ENG > 'DEVICE' Menu: Radio Management
[S]ReportLog >> test.Test_NavData_ENG > 'DEVICE' Menu: WWAN
[S]ReportLog >> test.Test_NavData_ENG > ========================================================================
[S]ReportLog >> test.Test_NavData_ENG > 'DEVICE' Menu: Settings >> Settings (TOP)
[S]ReportLog >> test.Test_NavData_ENG > ========================================================================
[S]ReportLog >> test.Test_NavData_ENG > ALL MENU: 69
[S]ReportLog >> test.Test_NavData_ENG > Data updated for [ENG]!
[S]ReportLog >> test.Test_NavData_ENG > Top menu 'DEVICE' is done!
[S]ReportLog >> test.Test_NavData_ENG > 'NETWORK' Menu: System
[S]ReportLog >> test.Test_NavData_ENG > 'NETWORK' Menu: Interfaces
[S]ReportLog >> test.Test_NavData_ENG > 'NETWORK' Menu: Failover & LB
[S]ReportLog >> test.Test_NavData_ENG > 'NETWORK' Menu: Neighbor Discovery
[S]ReportLog >> test.Test_NavData_ENG > 'NETWORK' Menu: ARP
[S]ReportLog >> test.Test_NavData_ENG > 'NETWORK' Menu: MAC IP Anti-Spoof
[S]ReportLog >> test.Test_NavData_ENG > 'NETWORK' Menu: Web Proxy
[S]ReportLog >> test.Test_NavData_ENG > 'NETWORK' Menu: PortShield Groups
[S]ReportLog >> test.Test_NavData_ENG > 'NETWORK' Menu: VLAN Translation
[S]ReportLog >> test.Test_NavData_ENG > 'NETWORK' Menu: IP Helper
[S]ReportLog >> test.Test_NavData_ENG > 'NETWORK' Menu: Dynamic Routing
[S]ReportLog >> test.Test_NavData_ENG > 'NETWORK' Menu: DHCP Server
[S]ReportLog >> test.Test_NavData_ENG > 'NETWORK' Menu: Multicast
[S]ReportLog >> test.Test_NavData_ENG > 'NETWORK' Menu: Network Monitor
[S]ReportLog >> test.Test_NavData_ENG > 'NETWORK' Menu: AWS Configuration
[S]ReportLog >> test.Test_NavData_ENG > 'NETWORK' Menu: Firewall
[S]ReportLog >> test.Test_NavData_ENG > 'NETWORK' Menu: Advanced
[S]ReportLog >> test.Test_NavData_ENG > 'NETWORK' Menu: Flood Protection
[S]ReportLog >> test.Test_NavData_ENG > 'NETWORK' Menu: SSL Control
[S]ReportLog >> test.Test_NavData_ENG > 'NETWORK' Menu: Cipher Control
[S]ReportLog >> test.Test_NavData_ENG > 'NETWORK' Menu: RBL Filter
[S]ReportLog >> test.Test_NavData_ENG > 'NETWORK' Menu: VoIP
[S]ReportLog >> test.Test_NavData_ENG > 'NETWORK' Menu: Settings
[S]ReportLog >> test.Test_NavData_ENG > 'NETWORK' Menu: Call Status
[S]ReportLog >> test.Test_NavData_ENG > 'NETWORK' Menu: DNS
[S]ReportLog >> test.Test_NavData_ENG > 'NETWORK' Menu: Settings
[S]ReportLog >> test.Test_NavData_ENG > 'NETWORK' Menu: Dynamic DNS
[S]ReportLog >> test.Test_NavData_ENG > 'NETWORK' Menu: DNS Proxy
[S]ReportLog >> test.Test_NavData_ENG > 'NETWORK' Menu: DNS Security
[S]ReportLog >> test.Test_NavData_ENG > 'NETWORK' Menu: Switching
[S]ReportLog >> test.Test_NavData_ENG > 'NETWORK' Menu: VLAN Trunking
[S]ReportLog >> test.Test_NavData_ENG > 'NETWORK' Menu: L2 Discovery
[S]ReportLog >> test.Test_NavData_ENG > 'NETWORK' Menu: Link Aggregation
[S]ReportLog >> test.Test_NavData_ENG > 'NETWORK' Menu: Port Mirroring
[S]ReportLog >> test.Test_NavData_ENG > 'NETWORK' Menu: SDWAN
[S]ReportLog >> test.Test_NavData_ENG > 'NETWORK' Menu: Groups
[S]ReportLog >> test.Test_NavData_ENG > 'NETWORK' Menu: SLA Probes
[S]ReportLog >> test.Test_NavData_ENG > 'NETWORK' Menu: SLA Class Objects
[S]ReportLog >> test.Test_NavData_ENG > 'NETWORK' Menu: Path Selection Profiles
[S]ReportLog >> test.Test_NavData_ENG > 'NETWORK' Menu: Rules
[S]ReportLog >> test.Test_NavData_ENG > 'NETWORK' Menu: IPSec VPN
[S]ReportLog >> test.Test_NavData_ENG > 'NETWORK' Menu: Rules and Settings
[S]ReportLog >> test.Test_NavData_ENG > 'NETWORK' Menu: Advanced
[S]ReportLog >> test.Test_NavData_ENG > 'NETWORK' Menu: DHCP over VPN
[S]ReportLog >> test.Test_NavData_ENG > 'NETWORK' Menu: L2TP Server
[S]ReportLog >> test.Test_NavData_ENG > 'NETWORK' Menu: AWS VPN
[S]ReportLog >> test.Test_NavData_ENG > 'NETWORK' Menu: SSL VPN
[S]ReportLog >> test.Test_NavData_ENG > 'NETWORK' Menu: Status
[S]ReportLog >> test.Test_NavData_ENG > 'NETWORK' Menu: Server Settings
[S]ReportLog >> test.Test_NavData_ENG > 'NETWORK' Menu: Client Settings
[S]ReportLog >> test.Test_NavData_ENG > 'NETWORK' Menu: Portal Settings
[S]ReportLog >> test.Test_NavData_ENG > 'NETWORK' Menu: Virtual Office
[S]ReportLog >> test.Test_NavData_ENG > ========================================================================
[S]ReportLog >> test.Test_NavData_ENG > 'NETWORK' Menu: No duplicated data to the TOP
[S]ReportLog >> test.Test_NavData_ENG > ========================================================================
[S]ReportLog >> test.Test_NavData_ENG > ALL MENU: 52
[S]ReportLog >> test.Test_NavData_ENG > Data updated for [ENG]!
[S]ReportLog >> test.Test_NavData_ENG > Top menu 'NETWORK' is done!
[S]ReportLog >> test.Test_NavData_ENG > 'OBJECT' Menu: Match Objects
[S]ReportLog >> test.Test_NavData_ENG > 'OBJECT' Menu: Zones
[S]ReportLog >> test.Test_NavData_ENG > 'OBJECT' Menu: Addresses
[S]ReportLog >> test.Test_NavData_ENG > 'OBJECT' Menu: Services
[S]ReportLog >> test.Test_NavData_ENG > 'OBJECT' Menu: URI Lists
[S]ReportLog >> test.Test_NavData_ENG > 'OBJECT' Menu: Match Objects
[S]ReportLog >> test.Test_NavData_ENG > 'OBJECT' Menu: Schedules
[S]ReportLog >> test.Test_NavData_ENG > 'OBJECT' Menu: Dynamic Group
[S]ReportLog >> test.Test_NavData_ENG > 'OBJECT' Menu: Email Addresses
[S]ReportLog >> test.Test_NavData_ENG > 'OBJECT' Menu: Profile Objects
[S]ReportLog >> test.Test_NavData_ENG > 'OBJECT' Menu: Endpoint Security
[S]ReportLog >> test.Test_NavData_ENG > 'OBJECT' Menu: Bandwidth
[S]ReportLog >> test.Test_NavData_ENG > 'OBJECT' Menu: QoS Marking
[S]ReportLog >> test.Test_NavData_ENG > 'OBJECT' Menu: Content Filter
[S]ReportLog >> test.Test_NavData_ENG > 'OBJECT' Menu: DHCP Option
[S]ReportLog >> test.Test_NavData_ENG > 'OBJECT' Menu: AWS
[S]ReportLog >> test.Test_NavData_ENG > 'OBJECT' Menu: Action Objects
[S]ReportLog >> test.Test_NavData_ENG > 'OBJECT' Menu: App Rule Actions
[S]ReportLog >> test.Test_NavData_ENG > 'OBJECT' Menu: Content Filter Actions
[S]ReportLog >> test.Test_NavData_ENG > ========================================================================
[S]ReportLog >> test.Test_NavData_ENG > 'OBJECT' Menu: Match Objects >> Match Objects (TOP)
[S]ReportLog >> test.Test_NavData_ENG > ========================================================================
[S]ReportLog >> test.Test_NavData_ENG > ALL MENU: 19
[S]ReportLog >> test.Test_NavData_ENG > Data updated for [ENG]!
[S]ReportLog >> test.Test_NavData_ENG > Top menu 'OBJECT' is done!
[S]ReportLog >> test.Test_NavData_ENG > 'POLICY' Menu: Rules and Policies
[S]ReportLog >> test.Test_NavData_ENG > 'POLICY' Menu: Access Rules
[S]ReportLog >> test.Test_NavData_ENG > 'POLICY' Menu: NAT Rules
[S]ReportLog >> test.Test_NavData_ENG > 'POLICY' Menu: Routing Rules
[S]ReportLog >> test.Test_NavData_ENG > 'POLICY' Menu: Content Filter Rules
[S]ReportLog >> test.Test_NavData_ENG > 'POLICY' Menu: App Rules
[S]ReportLog >> test.Test_NavData_ENG > 'POLICY' Menu: Endpoint Rules
[S]ReportLog >> test.Test_NavData_ENG > 'POLICY' Menu: DPI-SSL
[S]ReportLog >> test.Test_NavData_ENG > 'POLICY' Menu: Client SSL
[S]ReportLog >> test.Test_NavData_ENG > 'POLICY' Menu: Server SSL
[S]ReportLog >> test.Test_NavData_ENG > 'POLICY' Menu: DPI-SSH
[S]ReportLog >> test.Test_NavData_ENG > 'POLICY' Menu: Settings
[S]ReportLog >> test.Test_NavData_ENG > 'POLICY' Menu: Security Services
[S]ReportLog >> test.Test_NavData_ENG > 'POLICY' Menu: Summary
[S]ReportLog >> test.Test_NavData_ENG > 'POLICY' Menu: Gateway Anti-Virus
[S]ReportLog >> test.Test_NavData_ENG > 'POLICY' Menu: Anti-Spyware
[S]ReportLog >> test.Test_NavData_ENG > 'POLICY' Menu: Intrusion Prevention
[S]ReportLog >> test.Test_NavData_ENG > 'POLICY' Menu: Geo-IP Filter
[S]ReportLog >> test.Test_NavData_ENG > 'POLICY' Menu: Botnet Filter
[S]ReportLog >> test.Test_NavData_ENG > 'POLICY' Menu: App Control
[S]ReportLog >> test.Test_NavData_ENG > 'POLICY' Menu: Content Filter
[S]ReportLog >> test.Test_NavData_ENG > 'POLICY' Menu: Anti-Spam
[S]ReportLog >> test.Test_NavData_ENG > 'POLICY' Menu: Status
[S]ReportLog >> test.Test_NavData_ENG > 'POLICY' Menu: Settings
[S]ReportLog >> test.Test_NavData_ENG > 'POLICY' Menu: Capture ATP
[S]ReportLog >> test.Test_NavData_ENG > 'POLICY' Menu: Settings
[S]ReportLog >> test.Test_NavData_ENG > 'POLICY' Menu: Endpoint Security
[S]ReportLog >> test.Test_NavData_ENG > ========================================================================
[S]ReportLog >> test.Test_NavData_ENG > 'POLICY' Menu: No duplicated data to the TOP
[S]ReportLog >> test.Test_NavData_ENG > ========================================================================
[S]ReportLog >> test.Test_NavData_ENG > ALL MENU: 27
[S]ReportLog >> test.Test_NavData_ENG > Data updated for [ENG]!
[S]ReportLog >> test.Test_NavData_ENG > Top menu 'POLICY' is done!
[S]ReportLog >> test.Test_NavData_ENG > Info created for [ENG]!
[S]ReportLog >> test.Test_NavData_ENG > Info updated for [ENG]!]]>
  </system-out>
  <testcase classname="test.Test_NavData_ENG" name="test_Step01_Login_ENG" time="16.376"/>
  <system-out>
    <![CDATA[[S]ReportLog >> test.Test_NavData_ENG > Login to main page...]]>
  </system-out>
</testsuite> <!-- test.Test_NavData_ENG -->
