<?xml version="1.0" encoding="UTF-8"?>
<!-- Generated by org.testng.reporters.JUnitReportReporter -->
<testsuite hostname="g3771j3-khuang" failures="0" tests="1" name="test.Test_vsDATA" time="0.345" errors="0" timestamp="2022-09-01T17:08:31 CST" skipped="0">
  <testcase classname="test.Test_vsDATA" name="test_dataCompare" time="0.345"/>
  <system-out>
    <![CDATA[[S]ReportLog >> box_JPN > Got data!
[S]ReportLog >> box_ENG > Got data!
[S]ReportLog >> test_dataCompare > Ready to start...
[S]ReportLog >> test_dataCompare > --------------------------------------------------------------------
[S]ReportLog >> test_dataCompare > [JPN] info: Device Name -----> NSa 5700
[S]ReportLog >> test_dataCompare > [JPN] info: Serial Number ---> 2CB8EDA2B70F
[S]ReportLog >> test_dataCompare > [JPN] info: Firmware Version > SonicOS 7.0.1-5080-D3249-j5078
[S]ReportLog >> test_dataCompare > --------------------------------------------------------------------
[S]ReportLog >> test_dataCompare > [ENG] info: Device Name -----> NSA 2700
[S]ReportLog >> test_dataCompare > [ENG] info: Serial Number ---> 2CB8ED8279E0
[S]ReportLog >> test_dataCompare > [ENG] info: Firmware Version > SonicOS 7.0.1-5080-P3250
[S]ReportLog >> test_dataCompare > --------------------------------------------------------------------
[S]ReportLog >> missing_page > [JPN] version missing: POLICY > Anti-Spam > Relay Domains
[S]ReportLog >> missing_page > [JPN] version missing: POLICY > Anti-Spam > Junk Box Messages
[S]ReportLog >> missing_page > [JPN] version missing: POLICY > Anti-Spam > Junk Box Settings
[S]ReportLog >> missing_page > [JPN] version missing: POLICY > Anti-Spam > Junk Box Summary
[S]ReportLog >> missing_page > [JPN] version missing: POLICY > Anti-Spam > User View Setup
[S]ReportLog >> missing_page > [JPN] version missing: POLICY > Anti-Spam > Address Books
[S]ReportLog >> missing_page > [JPN] version missing: POLICY > Anti-Spam > Manage Users
[S]ReportLog >> missing_page > [JPN] version missing: POLICY > Anti-Spam > LDAP Configuration
[S]ReportLog >> missing_page > [JPN] version missing: POLICY > Anti-Spam > Advanced
[S]ReportLog >> missing_page > [JPN] version missing: POLICY > Anti-Spam > Downloads]]>
  </system-out>
</testsuite> <!-- test.Test_vsDATA -->
